0 info it worked if it ends with ok
1 verbose cli [ 'C:\\Program Files\\nodejs\\node.exe',
1 verbose cli   'C:\\Program Files\\nodejs\\node_modules\\npm\\bin\\npm-cli.js',
1 verbose cli   'install' ]
2 info using npm@3.6.0
3 info using node@v5.7.1
4 silly loadCurrentTree Starting
5 silly install loadCurrentTree
6 silly install readLocalPackageData
7 silly install normalizeTree
8 silly loadCurrentTree Finishing
9 silly loadIdealTree Starting
10 silly install loadIdealTree
11 silly cloneCurrentTree Starting
12 silly install cloneCurrentTreeToIdealTree
13 silly cloneCurrentTree Finishing
14 silly loadShrinkwrap Starting
15 silly install loadShrinkwrap
16 silly loadShrinkwrap Finishing
17 silly loadAllDepsIntoIdealTree Starting
18 silly install loadAllDepsIntoIdealTree
19 silly fetchNamedPackageData fsevents
20 silly mapToRegistry name fsevents
21 silly mapToRegistry using default registry
22 silly mapToRegistry registry https://registry.npmjs.org/
23 silly mapToRegistry uri https://registry.npmjs.org/fsevents
24 verbose request uri https://registry.npmjs.org/fsevents
25 verbose request no auth needed
26 info attempt registry request try #1 at 8:38:53 AM
27 verbose request id 3bd9cbcd6011880d
28 verbose etag "6WG2IHJ3R1KBCEVEQH5157IQJ"
29 http request GET https://registry.npmjs.org/fsevents
30 http 304 https://registry.npmjs.org/fsevents
31 verbose headers { date: 'Sat, 28 May 2016 03:08:52 GMT',
31 verbose headers   via: '1.1 varnish',
31 verbose headers   'cache-control': 'max-age=300',
31 verbose headers   etag: '"6WG2IHJ3R1KBCEVEQH5157IQJ"',
31 verbose headers   age: '283',
31 verbose headers   connection: 'keep-alive',
31 verbose headers   'x-served-by': 'cache-sin6923-SIN',
31 verbose headers   'x-cache': 'HIT',
31 verbose headers   'x-cache-hits': '2',
31 verbose headers   'x-timer': 'S1464404932.259818,VS0,VE0',
31 verbose headers   vary: 'Accept-Encoding' }
32 silly get cb [ 304,
32 silly get   { date: 'Sat, 28 May 2016 03:08:52 GMT',
32 silly get     via: '1.1 varnish',
32 silly get     'cache-control': 'max-age=300',
32 silly get     etag: '"6WG2IHJ3R1KBCEVEQH5157IQJ"',
32 silly get     age: '283',
32 silly get     connection: 'keep-alive',
32 silly get     'x-served-by': 'cache-sin6923-SIN',
32 silly get     'x-cache': 'HIT',
32 silly get     'x-cache-hits': '2',
32 silly get     'x-timer': 'S1464404932.259818,VS0,VE0',
32 silly get     vary: 'Accept-Encoding' } ]
33 verbose etag https://registry.npmjs.org/fsevents from cache
34 verbose get saving fsevents to C:\Users\Shamil\AppData\Roaming\npm-cache\registry.npmjs.org\fsevents\.cache.json
35 verbose correctMkdir C:\Users\Shamil\AppData\Roaming\npm-cache correctMkdir not in flight; initializing
36 silly resolveWithNewModule fsevents@1.0.12 checking installable status
37 silly fetchNamedPackageData bufferutil
38 silly mapToRegistry name bufferutil
39 silly mapToRegistry using default registry
40 silly mapToRegistry registry https://registry.npmjs.org/
41 silly mapToRegistry uri https://registry.npmjs.org/bufferutil
42 silly fetchNamedPackageData utf-8-validate
43 silly mapToRegistry name utf-8-validate
44 silly mapToRegistry using default registry
45 silly mapToRegistry registry https://registry.npmjs.org/
46 silly mapToRegistry uri https://registry.npmjs.org/utf-8-validate
47 verbose request uri https://registry.npmjs.org/bufferutil
48 verbose request no auth needed
49 info attempt registry request try #1 at 8:38:54 AM
50 verbose etag "9NLYGHUX8MGYC2LICJDWKWNPW"
51 http request GET https://registry.npmjs.org/bufferutil
52 verbose request uri https://registry.npmjs.org/utf-8-validate
53 verbose request no auth needed
54 info attempt registry request try #1 at 8:38:54 AM
55 verbose etag "E7XYFT7FUBMH6H6XYWMIRAGJ0"
56 http request GET https://registry.npmjs.org/utf-8-validate
57 http 304 https://registry.npmjs.org/utf-8-validate
58 verbose headers { date: 'Sat, 28 May 2016 03:08:52 GMT',
58 verbose headers   via: '1.1 varnish',
58 verbose headers   'cache-control': 'max-age=300',
58 verbose headers   etag: '"E7XYFT7FUBMH6H6XYWMIRAGJ0"',
58 verbose headers   age: '195',
58 verbose headers   connection: 'keep-alive',
58 verbose headers   'x-served-by': 'cache-sin6924-SIN',
58 verbose headers   'x-cache': 'HIT',
58 verbose headers   'x-cache-hits': '1',
58 verbose headers   'x-timer': 'S1464404932.913536,VS0,VE0',
58 verbose headers   vary: 'Accept-Encoding' }
59 silly get cb [ 304,
59 silly get   { date: 'Sat, 28 May 2016 03:08:52 GMT',
59 silly get     via: '1.1 varnish',
59 silly get     'cache-control': 'max-age=300',
59 silly get     etag: '"E7XYFT7FUBMH6H6XYWMIRAGJ0"',
59 silly get     age: '195',
59 silly get     connection: 'keep-alive',
59 silly get     'x-served-by': 'cache-sin6924-SIN',
59 silly get     'x-cache': 'HIT',
59 silly get     'x-cache-hits': '1',
59 silly get     'x-timer': 'S1464404932.913536,VS0,VE0',
59 silly get     vary: 'Accept-Encoding' } ]
60 verbose etag https://registry.npmjs.org/utf-8-validate from cache
61 verbose get saving utf-8-validate to C:\Users\Shamil\AppData\Roaming\npm-cache\registry.npmjs.org\utf-8-validate\.cache.json
62 verbose correctMkdir C:\Users\Shamil\AppData\Roaming\npm-cache correctMkdir not in flight; initializing
63 silly resolveWithNewModule utf-8-validate@1.2.1 checking installable status
64 silly cache add args [ 'utf-8-validate@1.2.x', null ]
65 verbose cache add spec utf-8-validate@1.2.x
66 silly cache add parsed spec Result {
66 silly cache add   raw: 'utf-8-validate@1.2.x',
66 silly cache add   scope: null,
66 silly cache add   name: 'utf-8-validate',
66 silly cache add   rawSpec: '1.2.x',
66 silly cache add   spec: '>=1.2.0 <1.3.0',
66 silly cache add   type: 'range' }
67 silly addNamed utf-8-validate@>=1.2.0 <1.3.0
68 verbose addNamed ">=1.2.0 <1.3.0" is a valid semver range for utf-8-validate
69 silly addNameRange { name: 'utf-8-validate',
69 silly addNameRange   range: '>=1.2.0 <1.3.0',
69 silly addNameRange   hasData: false }
70 silly mapToRegistry name utf-8-validate
71 silly mapToRegistry using default registry
72 silly mapToRegistry registry https://registry.npmjs.org/
73 silly mapToRegistry uri https://registry.npmjs.org/utf-8-validate
74 verbose addNameRange registry:https://registry.npmjs.org/utf-8-validate not in flight; fetching
75 verbose get https://registry.npmjs.org/utf-8-validate not expired, no request
76 silly addNameRange number 2 { name: 'utf-8-validate',
76 silly addNameRange   range: '>=1.2.0 <1.3.0',
76 silly addNameRange   hasData: true }
77 silly addNameRange versions [ 'utf-8-validate',
77 silly addNameRange   [ '1.0.0', '1.0.1', '1.1.0', '1.2.0', '1.2.1' ] ]
78 silly addNamed utf-8-validate@1.2.1
79 verbose addNamed "1.2.1" is a plain semver version for utf-8-validate
80 silly cache afterAdd utf-8-validate@1.2.1
81 verbose afterAdd C:\Users\Shamil\AppData\Roaming\npm-cache\utf-8-validate\1.2.1\package\package.json not in flight; writing
82 verbose correctMkdir C:\Users\Shamil\AppData\Roaming\npm-cache correctMkdir not in flight; initializing
83 verbose afterAdd C:\Users\Shamil\AppData\Roaming\npm-cache\utf-8-validate\1.2.1\package\package.json written
84 http 304 https://registry.npmjs.org/bufferutil
85 verbose headers { date: 'Sat, 28 May 2016 03:08:52 GMT',
85 verbose headers   via: '1.1 varnish',
85 verbose headers   'cache-control': 'max-age=300',
85 verbose headers   etag: '"9NLYGHUX8MGYC2LICJDWKWNPW"',
85 verbose headers   age: '195',
85 verbose headers   connection: 'keep-alive',
85 verbose headers   'x-served-by': 'cache-sin6920-SIN',
85 verbose headers   'x-cache': 'HIT',
85 verbose headers   'x-cache-hits': '2',
85 verbose headers   'x-timer': 'S1464404932.886334,VS0,VE0',
85 verbose headers   vary: 'Accept-Encoding' }
86 silly get cb [ 304,
86 silly get   { date: 'Sat, 28 May 2016 03:08:52 GMT',
86 silly get     via: '1.1 varnish',
86 silly get     'cache-control': 'max-age=300',
86 silly get     etag: '"9NLYGHUX8MGYC2LICJDWKWNPW"',
86 silly get     age: '195',
86 silly get     connection: 'keep-alive',
86 silly get     'x-served-by': 'cache-sin6920-SIN',
86 silly get     'x-cache': 'HIT',
86 silly get     'x-cache-hits': '2',
86 silly get     'x-timer': 'S1464404932.886334,VS0,VE0',
86 silly get     vary: 'Accept-Encoding' } ]
87 verbose etag https://registry.npmjs.org/bufferutil from cache
88 verbose get saving bufferutil to C:\Users\Shamil\AppData\Roaming\npm-cache\registry.npmjs.org\bufferutil\.cache.json
89 verbose correctMkdir C:\Users\Shamil\AppData\Roaming\npm-cache correctMkdir not in flight; initializing
90 silly resolveWithNewModule bufferutil@1.2.1 checking installable status
91 silly cache add args [ 'bufferutil@1.2.x', null ]
92 verbose cache add spec bufferutil@1.2.x
93 silly cache add parsed spec Result {
93 silly cache add   raw: 'bufferutil@1.2.x',
93 silly cache add   scope: null,
93 silly cache add   name: 'bufferutil',
93 silly cache add   rawSpec: '1.2.x',
93 silly cache add   spec: '>=1.2.0 <1.3.0',
93 silly cache add   type: 'range' }
94 silly addNamed bufferutil@>=1.2.0 <1.3.0
95 verbose addNamed ">=1.2.0 <1.3.0" is a valid semver range for bufferutil
96 silly addNameRange { name: 'bufferutil', range: '>=1.2.0 <1.3.0', hasData: false }
97 silly mapToRegistry name bufferutil
98 silly mapToRegistry using default registry
99 silly mapToRegistry registry https://registry.npmjs.org/
100 silly mapToRegistry uri https://registry.npmjs.org/bufferutil
101 verbose addNameRange registry:https://registry.npmjs.org/bufferutil not in flight; fetching
102 verbose get https://registry.npmjs.org/bufferutil not expired, no request
103 silly addNameRange number 2 { name: 'bufferutil', range: '>=1.2.0 <1.3.0', hasData: true }
104 silly addNameRange versions [ 'bufferutil',
104 silly addNameRange   [ '1.0.0', '1.0.1', '1.1.0', '1.2.0', '1.2.1' ] ]
105 silly addNamed bufferutil@1.2.1
106 verbose addNamed "1.2.1" is a plain semver version for bufferutil
107 silly cache afterAdd bufferutil@1.2.1
108 verbose afterAdd C:\Users\Shamil\AppData\Roaming\npm-cache\bufferutil\1.2.1\package\package.json not in flight; writing
109 verbose correctMkdir C:\Users\Shamil\AppData\Roaming\npm-cache correctMkdir not in flight; initializing
110 verbose afterAdd C:\Users\Shamil\AppData\Roaming\npm-cache\bufferutil\1.2.1\package\package.json written
111 silly fetchNamedPackageData bindings
112 silly mapToRegistry name bindings
113 silly mapToRegistry using default registry
114 silly mapToRegistry registry https://registry.npmjs.org/
115 silly mapToRegistry uri https://registry.npmjs.org/bindings
116 silly fetchNamedPackageData nan
117 silly mapToRegistry name nan
118 silly mapToRegistry using default registry
119 silly mapToRegistry registry https://registry.npmjs.org/
120 silly mapToRegistry uri https://registry.npmjs.org/nan
121 verbose request uri https://registry.npmjs.org/bindings
122 verbose request no auth needed
123 info attempt registry request try #1 at 8:38:54 AM
124 verbose etag "5MNVCWCD1NYN71LZKTD8QDCME"
125 http request GET https://registry.npmjs.org/bindings
126 verbose request uri https://registry.npmjs.org/nan
127 verbose request no auth needed
128 info attempt registry request try #1 at 8:38:54 AM
129 verbose etag "24B26O57Z0ASCDVIYEYKA8KVW"
130 http request GET https://registry.npmjs.org/nan
131 http 304 https://registry.npmjs.org/bindings
132 verbose headers { date: 'Sat, 28 May 2016 03:08:53 GMT',
132 verbose headers   via: '1.1 varnish',
132 verbose headers   'cache-control': 'max-age=300',
132 verbose headers   etag: '"5MNVCWCD1NYN71LZKTD8QDCME"',
132 verbose headers   age: '115',
132 verbose headers   connection: 'keep-alive',
132 verbose headers   'x-served-by': 'cache-sin6920-SIN',
132 verbose headers   'x-cache': 'HIT',
132 verbose headers   'x-cache-hits': '2',
132 verbose headers   'x-timer': 'S1464404933.243477,VS0,VE0',
132 verbose headers   vary: 'Accept-Encoding' }
133 silly get cb [ 304,
133 silly get   { date: 'Sat, 28 May 2016 03:08:53 GMT',
133 silly get     via: '1.1 varnish',
133 silly get     'cache-control': 'max-age=300',
133 silly get     etag: '"5MNVCWCD1NYN71LZKTD8QDCME"',
133 silly get     age: '115',
133 silly get     connection: 'keep-alive',
133 silly get     'x-served-by': 'cache-sin6920-SIN',
133 silly get     'x-cache': 'HIT',
133 silly get     'x-cache-hits': '2',
133 silly get     'x-timer': 'S1464404933.243477,VS0,VE0',
133 silly get     vary: 'Accept-Encoding' } ]
134 verbose etag https://registry.npmjs.org/bindings from cache
135 verbose get saving bindings to C:\Users\Shamil\AppData\Roaming\npm-cache\registry.npmjs.org\bindings\.cache.json
136 verbose correctMkdir C:\Users\Shamil\AppData\Roaming\npm-cache correctMkdir not in flight; initializing
137 http 304 https://registry.npmjs.org/nan
138 verbose headers { date: 'Sat, 28 May 2016 03:08:53 GMT',
138 verbose headers   via: '1.1 varnish',
138 verbose headers   'cache-control': 'max-age=300',
138 verbose headers   etag: '"24B26O57Z0ASCDVIYEYKA8KVW"',
138 verbose headers   age: '115',
138 verbose headers   connection: 'keep-alive',
138 verbose headers   'x-served-by': 'cache-sin6921-SIN',
138 verbose headers   'x-cache': 'HIT',
138 verbose headers   'x-cache-hits': '97',
138 verbose headers   'x-timer': 'S1464404933.250513,VS0,VE0',
138 verbose headers   vary: 'Accept-Encoding' }
139 silly get cb [ 304,
139 silly get   { date: 'Sat, 28 May 2016 03:08:53 GMT',
139 silly get     via: '1.1 varnish',
139 silly get     'cache-control': 'max-age=300',
139 silly get     etag: '"24B26O57Z0ASCDVIYEYKA8KVW"',
139 silly get     age: '115',
139 silly get     connection: 'keep-alive',
139 silly get     'x-served-by': 'cache-sin6921-SIN',
139 silly get     'x-cache': 'HIT',
139 silly get     'x-cache-hits': '97',
139 silly get     'x-timer': 'S1464404933.250513,VS0,VE0',
139 silly get     vary: 'Accept-Encoding' } ]
140 verbose etag https://registry.npmjs.org/nan from cache
141 verbose get saving nan to C:\Users\Shamil\AppData\Roaming\npm-cache\registry.npmjs.org\nan\.cache.json
142 verbose correctMkdir C:\Users\Shamil\AppData\Roaming\npm-cache correctMkdir not in flight; initializing
143 silly resolveWithNewModule bindings@1.2.1 checking installable status
144 silly cache add args [ 'bindings@1.2.x', null ]
145 verbose cache add spec bindings@1.2.x
146 silly cache add parsed spec Result {
146 silly cache add   raw: 'bindings@1.2.x',
146 silly cache add   scope: null,
146 silly cache add   name: 'bindings',
146 silly cache add   rawSpec: '1.2.x',
146 silly cache add   spec: '>=1.2.0 <1.3.0',
146 silly cache add   type: 'range' }
147 silly addNamed bindings@>=1.2.0 <1.3.0
148 verbose addNamed ">=1.2.0 <1.3.0" is a valid semver range for bindings
149 silly addNameRange { name: 'bindings', range: '>=1.2.0 <1.3.0', hasData: false }
150 silly mapToRegistry name bindings
151 silly mapToRegistry using default registry
152 silly mapToRegistry registry https://registry.npmjs.org/
153 silly mapToRegistry uri https://registry.npmjs.org/bindings
154 verbose addNameRange registry:https://registry.npmjs.org/bindings not in flight; fetching
155 silly resolveWithNewModule nan@2.3.3 checking installable status
156 silly cache add args [ 'nan@^2.0.5', null ]
157 verbose cache add spec nan@^2.0.5
158 silly cache add parsed spec Result {
158 silly cache add   raw: 'nan@^2.0.5',
158 silly cache add   scope: null,
158 silly cache add   name: 'nan',
158 silly cache add   rawSpec: '^2.0.5',
158 silly cache add   spec: '>=2.0.5 <3.0.0',
158 silly cache add   type: 'range' }
159 silly addNamed nan@>=2.0.5 <3.0.0
160 verbose addNamed ">=2.0.5 <3.0.0" is a valid semver range for nan
161 silly addNameRange { name: 'nan', range: '>=2.0.5 <3.0.0', hasData: false }
162 silly mapToRegistry name nan
163 silly mapToRegistry using default registry
164 silly mapToRegistry registry https://registry.npmjs.org/
165 silly mapToRegistry uri https://registry.npmjs.org/nan
166 verbose addNameRange registry:https://registry.npmjs.org/nan not in flight; fetching
167 verbose get https://registry.npmjs.org/bindings not expired, no request
168 silly addNameRange number 2 { name: 'bindings', range: '>=1.2.0 <1.3.0', hasData: true }
169 silly addNameRange versions [ 'bindings',
169 silly addNameRange   [ '0.0.1',
169 silly addNameRange     '0.1.0',
169 silly addNameRange     '0.1.1',
169 silly addNameRange     '0.2.0',
169 silly addNameRange     '0.2.1',
169 silly addNameRange     '0.2.2',
169 silly addNameRange     '0.2.3',
169 silly addNameRange     '0.2.4',
169 silly addNameRange     '0.3.0',
169 silly addNameRange     '0.4.0',
169 silly addNameRange     '1.0.0',
169 silly addNameRange     '1.1.0',
169 silly addNameRange     '1.1.1',
169 silly addNameRange     '1.2.0',
169 silly addNameRange     '1.2.1' ] ]
170 silly addNamed bindings@1.2.1
171 verbose addNamed "1.2.1" is a plain semver version for bindings
172 verbose get https://registry.npmjs.org/nan not expired, no request
173 silly addNameRange number 2 { name: 'nan', range: '>=2.0.5 <3.0.0', hasData: true }
174 silly addNameRange versions [ 'nan',
174 silly addNameRange   [ '0.3.0-wip',
174 silly addNameRange     '0.3.0-wip2',
174 silly addNameRange     '0.3.0',
174 silly addNameRange     '0.3.1',
174 silly addNameRange     '0.3.2',
174 silly addNameRange     '0.4.0',
174 silly addNameRange     '0.4.1',
174 silly addNameRange     '0.4.2',
174 silly addNameRange     '0.4.3',
174 silly addNameRange     '0.4.4',
174 silly addNameRange     '0.5.0',
174 silly addNameRange     '0.5.1',
174 silly addNameRange     '0.5.2',
174 silly addNameRange     '0.6.0',
174 silly addNameRange     '0.7.0',
174 silly addNameRange     '0.7.1',
174 silly addNameRange     '0.8.0',
174 silly addNameRange     '1.0.0',
174 silly addNameRange     '1.1.0',
174 silly addNameRange     '1.1.1',
174 silly addNameRange     '1.1.2',
174 silly addNameRange     '1.2.0',
174 silly addNameRange     '1.3.0',
174 silly addNameRange     '1.4.0',
174 silly addNameRange     '1.4.1',
174 silly addNameRange     '1.5.0',
174 silly addNameRange     '1.4.2',
174 silly addNameRange     '1.4.3',
174 silly addNameRange     '1.5.1',
174 silly addNameRange     '1.5.2',
174 silly addNameRange     '1.6.0',
174 silly addNameRange     '1.5.3',
174 silly addNameRange     '1.6.1',
174 silly addNameRange     '1.6.2',
174 silly addNameRange     '1.7.0',
174 silly addNameRange     '1.8.0',
174 silly addNameRange     '1.8.1',
174 silly addNameRange     '1.8.2',
174 silly addNameRange     '1.8.3',
174 silly addNameRange     '1.8.4',
174 silly addNameRange     '1.9.0',
174 silly addNameRange     '2.0.0',
174 silly addNameRange     '2.0.1',
174 silly addNameRange     '2.0.2',
174 silly addNameRange     '2.0.3',
174 silly addNameRange     '2.0.4',
174 silly addNameRange     '2.0.5',
174 silly addNameRange     '2.0.6',
174 silly addNameRange     '2.0.7',
174 silly addNameRange     '2.0.8',
174 silly addNameRange     '2.0.9',
174 silly addNameRange     '2.1.0',
174 silly addNameRange     '2.2.0',
174 silly addNameRange     '2.2.1',
174 silly addNameRange     '2.3.0',
174 silly addNameRange     '2.3.1',
174 silly addNameRange     '2.3.2',
174 silly addNameRange     '2.3.3' ] ]
175 silly addNamed nan@2.3.3
176 verbose addNamed "2.3.3" is a plain semver version for nan
177 silly cache afterAdd bindings@1.2.1
178 verbose afterAdd C:\Users\Shamil\AppData\Roaming\npm-cache\bindings\1.2.1\package\package.json not in flight; writing
179 verbose correctMkdir C:\Users\Shamil\AppData\Roaming\npm-cache correctMkdir not in flight; initializing
180 silly cache afterAdd nan@2.3.3
181 verbose afterAdd C:\Users\Shamil\AppData\Roaming\npm-cache\nan\2.3.3\package\package.json not in flight; writing
182 verbose correctMkdir C:\Users\Shamil\AppData\Roaming\npm-cache correctMkdir not in flight; initializing
183 verbose afterAdd C:\Users\Shamil\AppData\Roaming\npm-cache\bindings\1.2.1\package\package.json written
184 verbose afterAdd C:\Users\Shamil\AppData\Roaming\npm-cache\nan\2.3.3\package\package.json written
185 silly fetchNamedPackageData nan
186 silly mapToRegistry name nan
187 silly mapToRegistry using default registry
188 silly mapToRegistry registry https://registry.npmjs.org/
189 silly mapToRegistry uri https://registry.npmjs.org/nan
190 silly loadAllDepsIntoIdealTree Finishing
191 silly idealTree:prePrune angular-seed@0.0.0
191 silly idealTree:prePrune +-- accepts@1.2.13
191 silly idealTree:prePrune +-- accessibility-developer-tools@2.6.0
191 silly idealTree:prePrune +-- active-x-obfuscator@0.0.1
191 silly idealTree:prePrune +-- adm-zip@0.4.4
191 silly idealTree:prePrune +-- agent-base@2.0.1
191 silly idealTree:prePrune | `-- semver@5.0.3
191 silly idealTree:prePrune +-- amdefine@1.0.0
191 silly idealTree:prePrune +-- ansi-regex@2.0.0
191 silly idealTree:prePrune +-- ansi-styles@2.2.1
191 silly idealTree:prePrune +-- anymatch@1.3.0
191 silly idealTree:prePrune +-- arr-diff@2.0.0
191 silly idealTree:prePrune +-- arr-flatten@1.0.1
191 silly idealTree:prePrune +-- array-unique@0.2.1
191 silly idealTree:prePrune +-- arrify@1.0.1
191 silly idealTree:prePrune +-- asn1@0.1.11
191 silly idealTree:prePrune +-- assert-plus@0.1.5
191 silly idealTree:prePrune +-- async-each@1.0.0
191 silly idealTree:prePrune +-- async@0.2.10
191 silly idealTree:prePrune +-- aws-sign2@0.5.0
191 silly idealTree:prePrune +-- balanced-match@0.4.1
191 silly idealTree:prePrune +-- base64-url@1.2.1
191 silly idealTree:prePrune +-- base64id@0.1.0
191 silly idealTree:prePrune +-- basic-auth-connect@1.0.0
191 silly idealTree:prePrune +-- basic-auth@1.0.4
191 silly idealTree:prePrune +-- batch@0.5.3
191 silly idealTree:prePrune +-- binary-extensions@1.4.0
191 silly idealTree:prePrune +-- bindings@1.2.1
191 silly idealTree:prePrune +-- bl@0.9.5
191 silly idealTree:prePrune | +-- isarray@0.0.1
191 silly idealTree:prePrune | `-- readable-stream@1.0.34
191 silly idealTree:prePrune +-- bluebird@2.10.2
191 silly idealTree:prePrune +-- body-parser@1.13.3
191 silly idealTree:prePrune | `-- qs@4.0.0
191 silly idealTree:prePrune +-- boom@2.10.1
191 silly idealTree:prePrune +-- bower@1.7.9
191 silly idealTree:prePrune +-- brace-expansion@1.1.4
191 silly idealTree:prePrune +-- braces@1.8.4
191 silly idealTree:prePrune +-- buffer-shims@1.0.0
191 silly idealTree:prePrune +-- bufferutil@1.2.1
191 silly idealTree:prePrune | `-- nan@2.3.3
191 silly idealTree:prePrune +-- bytes@2.1.0
191 silly idealTree:prePrune +-- caseless@0.10.0
191 silly idealTree:prePrune +-- chalk@1.1.3
191 silly idealTree:prePrune +-- chokidar@1.5.1
191 silly idealTree:prePrune +-- colors@0.6.2
191 silly idealTree:prePrune +-- combined-stream@1.0.5
191 silly idealTree:prePrune +-- commander@2.1.0
191 silly idealTree:prePrune +-- compressible@2.0.8
191 silly idealTree:prePrune +-- compression@1.5.2
191 silly idealTree:prePrune +-- concat-map@0.0.1
191 silly idealTree:prePrune +-- connect-timeout@1.6.2
191 silly idealTree:prePrune +-- connect@2.30.2
191 silly idealTree:prePrune | `-- qs@4.0.0
191 silly idealTree:prePrune +-- content-type@1.0.2
191 silly idealTree:prePrune +-- cookie-parser@1.3.5
191 silly idealTree:prePrune +-- cookie-signature@1.0.6
191 silly idealTree:prePrune +-- cookie@0.1.3
191 silly idealTree:prePrune +-- core-util-is@1.0.2
191 silly idealTree:prePrune +-- crc@3.3.0
191 silly idealTree:prePrune +-- cryptiles@2.0.5
191 silly idealTree:prePrune +-- csrf@3.0.1
191 silly idealTree:prePrune +-- csurf@1.8.3
191 silly idealTree:prePrune +-- ctype@0.5.3
191 silly idealTree:prePrune +-- debug@2.2.0
191 silly idealTree:prePrune +-- deep-equal@1.0.1
191 silly idealTree:prePrune +-- delayed-stream@1.0.0
191 silly idealTree:prePrune +-- depd@1.0.1
191 silly idealTree:prePrune +-- destroy@1.0.4
191 silly idealTree:prePrune +-- di@0.0.1
191 silly idealTree:prePrune +-- ecstatic@0.4.13
191 silly idealTree:prePrune | `-- optimist@0.3.7
191 silly idealTree:prePrune +-- ee-first@1.1.1
191 silly idealTree:prePrune +-- ent@0.0.7
191 silly idealTree:prePrune +-- errorhandler@1.4.3
191 silly idealTree:prePrune | +-- accepts@1.3.3
191 silly idealTree:prePrune | `-- negotiator@0.6.1
191 silly idealTree:prePrune +-- escape-html@1.0.3
191 silly idealTree:prePrune +-- escape-string-regexp@1.0.5
191 silly idealTree:prePrune +-- etag@1.7.0
191 silly idealTree:prePrune +-- exit@0.1.2
191 silly idealTree:prePrune +-- expand-brackets@0.1.5
191 silly idealTree:prePrune +-- expand-range@1.8.2
191 silly idealTree:prePrune +-- express-session@1.11.3
191 silly idealTree:prePrune | `-- uid-safe@2.0.0
191 silly idealTree:prePrune +-- extend@3.0.0
191 silly idealTree:prePrune +-- extglob@0.3.2
191 silly idealTree:prePrune +-- filename-regex@2.0.0
191 silly idealTree:prePrune +-- fill-range@2.2.3
191 silly idealTree:prePrune +-- finalhandler@0.4.0
191 silly idealTree:prePrune | `-- escape-html@1.0.2
191 silly idealTree:prePrune +-- for-in@0.1.5
191 silly idealTree:prePrune +-- for-own@0.1.4
191 silly idealTree:prePrune +-- forever-agent@0.6.1
191 silly idealTree:prePrune +-- form-data@0.2.0
191 silly idealTree:prePrune | +-- async@0.9.2
191 silly idealTree:prePrune | +-- combined-stream@0.0.7
191 silly idealTree:prePrune | +-- delayed-stream@0.0.5
191 silly idealTree:prePrune | +-- mime-db@1.12.0
191 silly idealTree:prePrune | `-- mime-types@2.0.14
191 silly idealTree:prePrune +-- fresh@0.3.0
191 silly idealTree:prePrune +-- generate-function@2.0.0
191 silly idealTree:prePrune +-- generate-object-property@1.2.0
191 silly idealTree:prePrune +-- glob-base@0.3.0
191 silly idealTree:prePrune +-- glob-parent@2.0.0
191 silly idealTree:prePrune +-- glob@5.0.15
191 silly idealTree:prePrune +-- graceful-fs@3.0.8
191 silly idealTree:prePrune +-- graceful-readlink@1.0.1
191 silly idealTree:prePrune +-- har-validator@1.8.0
191 silly idealTree:prePrune | `-- commander@2.9.0
191 silly idealTree:prePrune +-- has-ansi@2.0.0
191 silly idealTree:prePrune +-- hawk@2.3.1
191 silly idealTree:prePrune +-- hoek@2.16.3
191 silly idealTree:prePrune +-- html-entities@1.1.3
191 silly idealTree:prePrune +-- http-errors@1.3.1
191 silly idealTree:prePrune +-- http-proxy@0.10.4
191 silly idealTree:prePrune | +-- optimist@0.6.1
191 silly idealTree:prePrune | `-- pkginfo@0.3.1
191 silly idealTree:prePrune +-- http-server@0.6.1
191 silly idealTree:prePrune +-- http-signature@0.11.0
191 silly idealTree:prePrune +-- https-proxy-agent@1.0.0
191 silly idealTree:prePrune +-- i@0.3.5
191 silly idealTree:prePrune +-- iconv-lite@0.4.11
191 silly idealTree:prePrune +-- inflight@1.0.5
191 silly idealTree:prePrune +-- inherits@2.0.1
191 silly idealTree:prePrune +-- is-binary-path@1.0.1
191 silly idealTree:prePrune +-- is-buffer@1.1.3
191 silly idealTree:prePrune +-- is-dotfile@1.0.2
191 silly idealTree:prePrune +-- is-equal-shallow@0.1.3
191 silly idealTree:prePrune +-- is-extendable@0.1.1
191 silly idealTree:prePrune +-- is-extglob@1.0.0
191 silly idealTree:prePrune +-- is-glob@2.0.1
191 silly idealTree:prePrune +-- is-my-json-valid@2.13.1
191 silly idealTree:prePrune +-- is-number@2.1.0
191 silly idealTree:prePrune +-- is-posix-bracket@0.1.1
191 silly idealTree:prePrune +-- is-primitive@2.0.0
191 silly idealTree:prePrune +-- is-property@1.0.2
191 silly idealTree:prePrune +-- isarray@1.0.0
191 silly idealTree:prePrune +-- isexe@1.1.2
191 silly idealTree:prePrune +-- isobject@2.1.0
191 silly idealTree:prePrune +-- isstream@0.1.2
191 silly idealTree:prePrune +-- jasmine-core@2.4.1
191 silly idealTree:prePrune +-- jasmine@2.3.2
191 silly idealTree:prePrune | +-- glob@3.2.11
191 silly idealTree:prePrune | +-- jasmine-core@2.3.4
191 silly idealTree:prePrune | `-- minimatch@0.3.0
191 silly idealTree:prePrune +-- jasminewd@1.1.0
191 silly idealTree:prePrune +-- jasminewd2@0.0.6
191 silly idealTree:prePrune +-- json-stringify-safe@5.0.1
191 silly idealTree:prePrune +-- jsonpointer@2.0.0
191 silly idealTree:prePrune +-- karma-chrome-launcher@0.1.12
191 silly idealTree:prePrune +-- karma-firefox-launcher@0.1.7
191 silly idealTree:prePrune +-- karma-jasmine@0.3.8
191 silly idealTree:prePrune +-- karma-junit-reporter@0.2.2
191 silly idealTree:prePrune +-- karma@0.12.37
191 silly idealTree:prePrune | +-- colors@1.1.2
191 silly idealTree:prePrune | +-- mime@1.3.4
191 silly idealTree:prePrune | `-- optimist@0.6.1
191 silly idealTree:prePrune +-- kind-of@3.0.3
191 silly idealTree:prePrune +-- lodash@3.10.1
191 silly idealTree:prePrune +-- log4js@0.6.36
191 silly idealTree:prePrune | +-- isarray@0.0.1
191 silly idealTree:prePrune | `-- readable-stream@1.0.34
191 silly idealTree:prePrune +-- lru-cache@2.2.4
191 silly idealTree:prePrune +-- media-typer@0.3.0
191 silly idealTree:prePrune +-- method-override@2.3.6
191 silly idealTree:prePrune | `-- vary@1.1.0
191 silly idealTree:prePrune +-- methods@1.1.2
191 silly idealTree:prePrune +-- micromatch@2.3.8
191 silly idealTree:prePrune +-- mime-db@1.23.0
191 silly idealTree:prePrune +-- mime-types@2.1.11
191 silly idealTree:prePrune +-- mime@1.2.11
191 silly idealTree:prePrune +-- minijasminenode@1.1.1
191 silly idealTree:prePrune +-- minimatch@2.0.10
191 silly idealTree:prePrune +-- minimist@0.0.10
191 silly idealTree:prePrune +-- mkdirp@0.0.7
191 silly idealTree:prePrune +-- morgan@1.6.1
191 silly idealTree:prePrune +-- ms@0.7.1
191 silly idealTree:prePrune +-- multiparty@3.3.2
191 silly idealTree:prePrune | +-- isarray@0.0.1
191 silly idealTree:prePrune | `-- readable-stream@1.1.14
191 silly idealTree:prePrune +-- nan@1.0.0
191 silly idealTree:prePrune +-- ncp@0.4.2
191 silly idealTree:prePrune +-- negotiator@0.5.3
191 silly idealTree:prePrune +-- node-uuid@1.4.7
191 silly idealTree:prePrune +-- normalize-path@2.0.1
191 silly idealTree:prePrune +-- oauth-sign@0.8.2
191 silly idealTree:prePrune +-- object.omit@2.0.0
191 silly idealTree:prePrune +-- on-finished@2.3.0
191 silly idealTree:prePrune +-- on-headers@1.0.1
191 silly idealTree:prePrune +-- once@1.3.3
191 silly idealTree:prePrune +-- opener@1.3.0
191 silly idealTree:prePrune +-- optimist@0.5.2
191 silly idealTree:prePrune +-- options@0.0.6
191 silly idealTree:prePrune +-- parse-glob@3.0.4
191 silly idealTree:prePrune +-- parseurl@1.3.1
191 silly idealTree:prePrune +-- path-is-absolute@1.0.0
191 silly idealTree:prePrune +-- pause@0.1.0
191 silly idealTree:prePrune +-- pkginfo@0.2.3
191 silly idealTree:prePrune +-- policyfile@0.0.4
191 silly idealTree:prePrune +-- portfinder@0.2.1
191 silly idealTree:prePrune +-- preserve@0.2.0
191 silly idealTree:prePrune +-- process-nextick-args@1.0.7
191 silly idealTree:prePrune +-- protractor@2.5.1
191 silly idealTree:prePrune | +-- glob@3.2.11
191 silly idealTree:prePrune | +-- lodash@2.4.2
191 silly idealTree:prePrune | +-- minimatch@0.3.0
191 silly idealTree:prePrune | +-- optimist@0.6.1
191 silly idealTree:prePrune | `-- q@1.0.0
191 silly idealTree:prePrune +-- q@1.4.1
191 silly idealTree:prePrune +-- qs@0.5.6
191 silly idealTree:prePrune +-- random-bytes@1.0.0
191 silly idealTree:prePrune +-- randomatic@1.1.5
191 silly idealTree:prePrune +-- range-parser@1.0.3
191 silly idealTree:prePrune +-- raw-body@2.1.6
191 silly idealTree:prePrune | +-- bytes@2.3.0
191 silly idealTree:prePrune | `-- iconv-lite@0.4.13
191 silly idealTree:prePrune +-- readable-stream@2.1.4
191 silly idealTree:prePrune +-- readdirp@2.0.0
191 silly idealTree:prePrune | `-- graceful-fs@4.1.4
191 silly idealTree:prePrune +-- redis@0.7.3
191 silly idealTree:prePrune +-- regex-cache@0.4.3
191 silly idealTree:prePrune +-- repeat-element@1.1.2
191 silly idealTree:prePrune +-- repeat-string@1.5.4
191 silly idealTree:prePrune +-- request@2.57.0
191 silly idealTree:prePrune | +-- mime-db@1.12.0
191 silly idealTree:prePrune | +-- mime-types@2.0.14
191 silly idealTree:prePrune | `-- qs@3.1.0
191 silly idealTree:prePrune +-- response-time@2.3.1
191 silly idealTree:prePrune +-- rimraf@2.5.2
191 silly idealTree:prePrune | `-- glob@7.0.3
191 silly idealTree:prePrune +-- rndm@1.2.0
191 silly idealTree:prePrune +-- saucelabs@1.0.1
191 silly idealTree:prePrune +-- sax@0.6.1
191 silly idealTree:prePrune +-- scmp@1.0.0
191 silly idealTree:prePrune +-- selenium-webdriver@2.47.0
191 silly idealTree:prePrune | `-- ws@0.8.1
191 silly idealTree:prePrune +-- semver@4.3.6
191 silly idealTree:prePrune +-- send@0.13.1
191 silly idealTree:prePrune | +-- depd@1.1.0
191 silly idealTree:prePrune | +-- mime@1.3.4
191 silly idealTree:prePrune | `-- statuses@1.2.1
191 silly idealTree:prePrune +-- serve-favicon@2.3.0
191 silly idealTree:prePrune +-- serve-index@1.7.3
191 silly idealTree:prePrune +-- serve-static@1.10.2
191 silly idealTree:prePrune +-- shelljs@0.2.6
191 silly idealTree:prePrune +-- sigmund@1.0.1
191 silly idealTree:prePrune +-- sntp@1.0.9
191 silly idealTree:prePrune +-- socket.io-client@0.9.16
191 silly idealTree:prePrune +-- socket.io@0.9.16
191 silly idealTree:prePrune +-- source-map-support@0.2.10
191 silly idealTree:prePrune | `-- source-map@0.1.32
191 silly idealTree:prePrune +-- source-map@0.4.4
191 silly idealTree:prePrune +-- statuses@1.3.0
191 silly idealTree:prePrune +-- stream-counter@0.2.0
191 silly idealTree:prePrune | +-- isarray@0.0.1
191 silly idealTree:prePrune | `-- readable-stream@1.1.14
191 silly idealTree:prePrune +-- string_decoder@0.10.31
191 silly idealTree:prePrune +-- stringstream@0.0.5
191 silly idealTree:prePrune +-- strip-ansi@3.0.1
191 silly idealTree:prePrune +-- supports-color@2.0.0
191 silly idealTree:prePrune +-- tinycolor@0.0.1
191 silly idealTree:prePrune +-- tmp@0.0.24
191 silly idealTree:prePrune +-- tough-cookie@2.2.2
191 silly idealTree:prePrune +-- tunnel-agent@0.4.3
191 silly idealTree:prePrune +-- type-is@1.6.13
191 silly idealTree:prePrune +-- uglify-js@1.2.5
191 silly idealTree:prePrune +-- uid-safe@2.1.0
191 silly idealTree:prePrune +-- ultron@1.0.2
191 silly idealTree:prePrune +-- union@0.3.8
191 silly idealTree:prePrune +-- unpipe@1.0.0
191 silly idealTree:prePrune +-- useragent@2.1.9
191 silly idealTree:prePrune +-- utf-8-validate@1.2.1
191 silly idealTree:prePrune | `-- nan@2.3.3
191 silly idealTree:prePrune +-- util-deprecate@1.0.2
191 silly idealTree:prePrune +-- utile@0.2.1
191 silly idealTree:prePrune +-- utils-merge@1.0.0
191 silly idealTree:prePrune +-- vary@1.0.1
191 silly idealTree:prePrune +-- vhost@3.0.2
191 silly idealTree:prePrune +-- which@1.2.9
191 silly idealTree:prePrune +-- wordwrap@0.0.3
191 silly idealTree:prePrune +-- wrappy@1.0.2
191 silly idealTree:prePrune +-- ws@0.4.32
191 silly idealTree:prePrune +-- xml2js@0.4.4
191 silly idealTree:prePrune | `-- xmlbuilder@8.2.2
191 silly idealTree:prePrune +-- xmlbuilder@0.4.2
191 silly idealTree:prePrune +-- xmlhttprequest@1.4.2
191 silly idealTree:prePrune +-- xtend@4.0.1
191 silly idealTree:prePrune `-- zeparser@0.0.5
192 silly loadIdealTree Finishing
193 silly currentTree angular-seed@0.0.0
193 silly currentTree +-- accepts@1.2.13
193 silly currentTree +-- accessibility-developer-tools@2.6.0
193 silly currentTree +-- active-x-obfuscator@0.0.1
193 silly currentTree +-- adm-zip@0.4.4
193 silly currentTree +-- agent-base@2.0.1
193 silly currentTree | `-- semver@5.0.3
193 silly currentTree +-- amdefine@1.0.0
193 silly currentTree +-- ansi-regex@2.0.0
193 silly currentTree +-- ansi-styles@2.2.1
193 silly currentTree +-- anymatch@1.3.0
193 silly currentTree +-- arr-diff@2.0.0
193 silly currentTree +-- arr-flatten@1.0.1
193 silly currentTree +-- array-unique@0.2.1
193 silly currentTree +-- arrify@1.0.1
193 silly currentTree +-- asn1@0.1.11
193 silly currentTree +-- assert-plus@0.1.5
193 silly currentTree +-- async-each@1.0.0
193 silly currentTree +-- async@0.2.10
193 silly currentTree +-- aws-sign2@0.5.0
193 silly currentTree +-- balanced-match@0.4.1
193 silly currentTree +-- base64-url@1.2.1
193 silly currentTree +-- base64id@0.1.0
193 silly currentTree +-- basic-auth-connect@1.0.0
193 silly currentTree +-- basic-auth@1.0.4
193 silly currentTree +-- batch@0.5.3
193 silly currentTree +-- binary-extensions@1.4.0
193 silly currentTree +-- bl@0.9.5
193 silly currentTree | +-- isarray@0.0.1
193 silly currentTree | `-- readable-stream@1.0.34
193 silly currentTree +-- bluebird@2.10.2
193 silly currentTree +-- body-parser@1.13.3
193 silly currentTree | `-- qs@4.0.0
193 silly currentTree +-- boom@2.10.1
193 silly currentTree +-- bower@1.7.9
193 silly currentTree +-- brace-expansion@1.1.4
193 silly currentTree +-- braces@1.8.4
193 silly currentTree +-- buffer-shims@1.0.0
193 silly currentTree +-- bytes@2.1.0
193 silly currentTree +-- caseless@0.10.0
193 silly currentTree +-- chalk@1.1.3
193 silly currentTree +-- chokidar@1.5.1
193 silly currentTree +-- colors@0.6.2
193 silly currentTree +-- combined-stream@1.0.5
193 silly currentTree +-- commander@2.1.0
193 silly currentTree +-- compressible@2.0.8
193 silly currentTree +-- compression@1.5.2
193 silly currentTree +-- concat-map@0.0.1
193 silly currentTree +-- connect-timeout@1.6.2
193 silly currentTree +-- connect@2.30.2
193 silly currentTree | `-- qs@4.0.0
193 silly currentTree +-- content-type@1.0.2
193 silly currentTree +-- cookie-parser@1.3.5
193 silly currentTree +-- cookie-signature@1.0.6
193 silly currentTree +-- cookie@0.1.3
193 silly currentTree +-- core-util-is@1.0.2
193 silly currentTree +-- crc@3.3.0
193 silly currentTree +-- cryptiles@2.0.5
193 silly currentTree +-- csrf@3.0.1
193 silly currentTree +-- csurf@1.8.3
193 silly currentTree +-- ctype@0.5.3
193 silly currentTree +-- debug@2.2.0
193 silly currentTree +-- deep-equal@1.0.1
193 silly currentTree +-- delayed-stream@1.0.0
193 silly currentTree +-- depd@1.0.1
193 silly currentTree +-- destroy@1.0.4
193 silly currentTree +-- di@0.0.1
193 silly currentTree +-- ecstatic@0.4.13
193 silly currentTree | `-- optimist@0.3.7
193 silly currentTree +-- ee-first@1.1.1
193 silly currentTree +-- ent@0.0.7
193 silly currentTree +-- errorhandler@1.4.3
193 silly currentTree | +-- accepts@1.3.3
193 silly currentTree | `-- negotiator@0.6.1
193 silly currentTree +-- escape-html@1.0.3
193 silly currentTree +-- escape-string-regexp@1.0.5
193 silly currentTree +-- etag@1.7.0
193 silly currentTree +-- exit@0.1.2
193 silly currentTree +-- expand-brackets@0.1.5
193 silly currentTree +-- expand-range@1.8.2
193 silly currentTree +-- express-session@1.11.3
193 silly currentTree | `-- uid-safe@2.0.0
193 silly currentTree +-- extend@3.0.0
193 silly currentTree +-- extglob@0.3.2
193 silly currentTree +-- filename-regex@2.0.0
193 silly currentTree +-- fill-range@2.2.3
193 silly currentTree +-- finalhandler@0.4.0
193 silly currentTree | `-- escape-html@1.0.2
193 silly currentTree +-- for-in@0.1.5
193 silly currentTree +-- for-own@0.1.4
193 silly currentTree +-- forever-agent@0.6.1
193 silly currentTree +-- form-data@0.2.0
193 silly currentTree | +-- async@0.9.2
193 silly currentTree | +-- combined-stream@0.0.7
193 silly currentTree | +-- delayed-stream@0.0.5
193 silly currentTree | +-- mime-db@1.12.0
193 silly currentTree | `-- mime-types@2.0.14
193 silly currentTree +-- fresh@0.3.0
193 silly currentTree +-- generate-function@2.0.0
193 silly currentTree +-- generate-object-property@1.2.0
193 silly currentTree +-- glob-base@0.3.0
193 silly currentTree +-- glob-parent@2.0.0
193 silly currentTree +-- glob@5.0.15
193 silly currentTree +-- graceful-fs@3.0.8
193 silly currentTree +-- graceful-readlink@1.0.1
193 silly currentTree +-- har-validator@1.8.0
193 silly currentTree | `-- commander@2.9.0
193 silly currentTree +-- has-ansi@2.0.0
193 silly currentTree +-- hawk@2.3.1
193 silly currentTree +-- hoek@2.16.3
193 silly currentTree +-- html-entities@1.1.3
193 silly currentTree +-- http-errors@1.3.1
193 silly currentTree +-- http-proxy@0.10.4
193 silly currentTree | +-- optimist@0.6.1
193 silly currentTree | `-- pkginfo@0.3.1
193 silly currentTree +-- http-server@0.6.1
193 silly currentTree +-- http-signature@0.11.0
193 silly currentTree +-- https-proxy-agent@1.0.0
193 silly currentTree +-- i@0.3.5
193 silly currentTree +-- iconv-lite@0.4.11
193 silly currentTree +-- inflight@1.0.5
193 silly currentTree +-- inherits@2.0.1
193 silly currentTree +-- is-binary-path@1.0.1
193 silly currentTree +-- is-buffer@1.1.3
193 silly currentTree +-- is-dotfile@1.0.2
193 silly currentTree +-- is-equal-shallow@0.1.3
193 silly currentTree +-- is-extendable@0.1.1
193 silly currentTree +-- is-extglob@1.0.0
193 silly currentTree +-- is-glob@2.0.1
193 silly currentTree +-- is-my-json-valid@2.13.1
193 silly currentTree +-- is-number@2.1.0
193 silly currentTree +-- is-posix-bracket@0.1.1
193 silly currentTree +-- is-primitive@2.0.0
193 silly currentTree +-- is-property@1.0.2
193 silly currentTree +-- isarray@1.0.0
193 silly currentTree +-- isexe@1.1.2
193 silly currentTree +-- isobject@2.1.0
193 silly currentTree +-- isstream@0.1.2
193 silly currentTree +-- jasmine-core@2.4.1
193 silly currentTree +-- jasmine@2.3.2
193 silly currentTree | +-- glob@3.2.11
193 silly currentTree | +-- jasmine-core@2.3.4
193 silly currentTree | `-- minimatch@0.3.0
193 silly currentTree +-- jasminewd@1.1.0
193 silly currentTree +-- jasminewd2@0.0.6
193 silly currentTree +-- json-stringify-safe@5.0.1
193 silly currentTree +-- jsonpointer@2.0.0
193 silly currentTree +-- karma-chrome-launcher@0.1.12
193 silly currentTree +-- karma-firefox-launcher@0.1.7
193 silly currentTree +-- karma-jasmine@0.3.8
193 silly currentTree +-- karma-junit-reporter@0.2.2
193 silly currentTree +-- karma@0.12.37
193 silly currentTree | +-- colors@1.1.2
193 silly currentTree | +-- mime@1.3.4
193 silly currentTree | `-- optimist@0.6.1
193 silly currentTree +-- kind-of@3.0.3
193 silly currentTree +-- lodash@3.10.1
193 silly currentTree +-- log4js@0.6.36
193 silly currentTree | +-- isarray@0.0.1
193 silly currentTree | `-- readable-stream@1.0.34
193 silly currentTree +-- lru-cache@2.2.4
193 silly currentTree +-- media-typer@0.3.0
193 silly currentTree +-- method-override@2.3.6
193 silly currentTree | `-- vary@1.1.0
193 silly currentTree +-- methods@1.1.2
193 silly currentTree +-- micromatch@2.3.8
193 silly currentTree +-- mime-db@1.23.0
193 silly currentTree +-- mime-types@2.1.11
193 silly currentTree +-- mime@1.2.11
193 silly currentTree +-- minijasminenode@1.1.1
193 silly currentTree +-- minimatch@2.0.10
193 silly currentTree +-- minimist@0.0.10
193 silly currentTree +-- mkdirp@0.0.7
193 silly currentTree +-- morgan@1.6.1
193 silly currentTree +-- ms@0.7.1
193 silly currentTree +-- multiparty@3.3.2
193 silly currentTree | +-- isarray@0.0.1
193 silly currentTree | `-- readable-stream@1.1.14
193 silly currentTree +-- nan@1.0.0
193 silly currentTree +-- ncp@0.4.2
193 silly currentTree +-- negotiator@0.5.3
193 silly currentTree +-- node-uuid@1.4.7
193 silly currentTree +-- normalize-path@2.0.1
193 silly currentTree +-- oauth-sign@0.8.2
193 silly currentTree +-- object.omit@2.0.0
193 silly currentTree +-- on-finished@2.3.0
193 silly currentTree +-- on-headers@1.0.1
193 silly currentTree +-- once@1.3.3
193 silly currentTree +-- opener@1.3.0
193 silly currentTree +-- optimist@0.5.2
193 silly currentTree +-- options@0.0.6
193 silly currentTree +-- parse-glob@3.0.4
193 silly currentTree +-- parseurl@1.3.1
193 silly currentTree +-- path-is-absolute@1.0.0
193 silly currentTree +-- pause@0.1.0
193 silly currentTree +-- pkginfo@0.2.3
193 silly currentTree +-- policyfile@0.0.4
193 silly currentTree +-- portfinder@0.2.1
193 silly currentTree +-- preserve@0.2.0
193 silly currentTree +-- process-nextick-args@1.0.7
193 silly currentTree +-- protractor@2.5.1
193 silly currentTree | +-- glob@3.2.11
193 silly currentTree | +-- lodash@2.4.2
193 silly currentTree | +-- minimatch@0.3.0
193 silly currentTree | +-- optimist@0.6.1
193 silly currentTree | `-- q@1.0.0
193 silly currentTree +-- q@1.4.1
193 silly currentTree +-- qs@0.5.6
193 silly currentTree +-- random-bytes@1.0.0
193 silly currentTree +-- randomatic@1.1.5
193 silly currentTree +-- range-parser@1.0.3
193 silly currentTree +-- raw-body@2.1.6
193 silly currentTree | +-- bytes@2.3.0
193 silly currentTree | `-- iconv-lite@0.4.13
193 silly currentTree +-- readable-stream@2.1.4
193 silly currentTree +-- readdirp@2.0.0
193 silly currentTree | `-- graceful-fs@4.1.4
193 silly currentTree +-- redis@0.7.3
193 silly currentTree +-- regex-cache@0.4.3
193 silly currentTree +-- repeat-element@1.1.2
193 silly currentTree +-- repeat-string@1.5.4
193 silly currentTree +-- request@2.57.0
193 silly currentTree | +-- mime-db@1.12.0
193 silly currentTree | +-- mime-types@2.0.14
193 silly currentTree | `-- qs@3.1.0
193 silly currentTree +-- response-time@2.3.1
193 silly currentTree +-- rimraf@2.5.2
193 silly currentTree | `-- glob@7.0.3
193 silly currentTree +-- rndm@1.2.0
193 silly currentTree +-- saucelabs@1.0.1
193 silly currentTree +-- sax@0.6.1
193 silly currentTree +-- scmp@1.0.0
193 silly currentTree +-- selenium-webdriver@2.47.0
193 silly currentTree | `-- ws@0.8.1
193 silly currentTree +-- semver@4.3.6
193 silly currentTree +-- send@0.13.1
193 silly currentTree | +-- depd@1.1.0
193 silly currentTree | +-- mime@1.3.4
193 silly currentTree | `-- statuses@1.2.1
193 silly currentTree +-- serve-favicon@2.3.0
193 silly currentTree +-- serve-index@1.7.3
193 silly currentTree +-- serve-static@1.10.2
193 silly currentTree +-- shelljs@0.2.6
193 silly currentTree +-- sigmund@1.0.1
193 silly currentTree +-- sntp@1.0.9
193 silly currentTree +-- socket.io-client@0.9.16
193 silly currentTree +-- socket.io@0.9.16
193 silly currentTree +-- source-map-support@0.2.10
193 silly currentTree | `-- source-map@0.1.32
193 silly currentTree +-- source-map@0.4.4
193 silly currentTree +-- statuses@1.3.0
193 silly currentTree +-- stream-counter@0.2.0
193 silly currentTree | +-- isarray@0.0.1
193 silly currentTree | `-- readable-stream@1.1.14
193 silly currentTree +-- string_decoder@0.10.31
193 silly currentTree +-- stringstream@0.0.5
193 silly currentTree +-- strip-ansi@3.0.1
193 silly currentTree +-- supports-color@2.0.0
193 silly currentTree +-- tinycolor@0.0.1
193 silly currentTree +-- tmp@0.0.24
193 silly currentTree +-- tough-cookie@2.2.2
193 silly currentTree +-- tunnel-agent@0.4.3
193 silly currentTree +-- type-is@1.6.13
193 silly currentTree +-- uglify-js@1.2.5
193 silly currentTree +-- uid-safe@2.1.0
193 silly currentTree +-- ultron@1.0.2
193 silly currentTree +-- union@0.3.8
193 silly currentTree +-- unpipe@1.0.0
193 silly currentTree +-- useragent@2.1.9
193 silly currentTree +-- util-deprecate@1.0.2
193 silly currentTree +-- utile@0.2.1
193 silly currentTree +-- utils-merge@1.0.0
193 silly currentTree +-- vary@1.0.1
193 silly currentTree +-- vhost@3.0.2
193 silly currentTree +-- which@1.2.9
193 silly currentTree +-- wordwrap@0.0.3
193 silly currentTree +-- wrappy@1.0.2
193 silly currentTree +-- ws@0.4.32
193 silly currentTree +-- xml2js@0.4.4
193 silly currentTree | `-- xmlbuilder@8.2.2
193 silly currentTree +-- xmlbuilder@0.4.2
193 silly currentTree +-- xmlhttprequest@1.4.2
193 silly currentTree +-- xtend@4.0.1
193 silly currentTree `-- zeparser@0.0.5
194 silly idealTree angular-seed@0.0.0
194 silly idealTree +-- accepts@1.2.13
194 silly idealTree +-- accessibility-developer-tools@2.6.0
194 silly idealTree +-- active-x-obfuscator@0.0.1
194 silly idealTree +-- adm-zip@0.4.4
194 silly idealTree +-- agent-base@2.0.1
194 silly idealTree | `-- semver@5.0.3
194 silly idealTree +-- amdefine@1.0.0
194 silly idealTree +-- ansi-regex@2.0.0
194 silly idealTree +-- ansi-styles@2.2.1
194 silly idealTree +-- anymatch@1.3.0
194 silly idealTree +-- arr-diff@2.0.0
194 silly idealTree +-- arr-flatten@1.0.1
194 silly idealTree +-- array-unique@0.2.1
194 silly idealTree +-- arrify@1.0.1
194 silly idealTree +-- asn1@0.1.11
194 silly idealTree +-- assert-plus@0.1.5
194 silly idealTree +-- async-each@1.0.0
194 silly idealTree +-- async@0.2.10
194 silly idealTree +-- aws-sign2@0.5.0
194 silly idealTree +-- balanced-match@0.4.1
194 silly idealTree +-- base64-url@1.2.1
194 silly idealTree +-- base64id@0.1.0
194 silly idealTree +-- basic-auth-connect@1.0.0
194 silly idealTree +-- basic-auth@1.0.4
194 silly idealTree +-- batch@0.5.3
194 silly idealTree +-- binary-extensions@1.4.0
194 silly idealTree +-- bindings@1.2.1
194 silly idealTree +-- bl@0.9.5
194 silly idealTree | +-- isarray@0.0.1
194 silly idealTree | `-- readable-stream@1.0.34
194 silly idealTree +-- bluebird@2.10.2
194 silly idealTree +-- body-parser@1.13.3
194 silly idealTree | `-- qs@4.0.0
194 silly idealTree +-- boom@2.10.1
194 silly idealTree +-- bower@1.7.9
194 silly idealTree +-- brace-expansion@1.1.4
194 silly idealTree +-- braces@1.8.4
194 silly idealTree +-- buffer-shims@1.0.0
194 silly idealTree +-- bufferutil@1.2.1
194 silly idealTree | `-- nan@2.3.3
194 silly idealTree +-- bytes@2.1.0
194 silly idealTree +-- caseless@0.10.0
194 silly idealTree +-- chalk@1.1.3
194 silly idealTree +-- chokidar@1.5.1
194 silly idealTree +-- colors@0.6.2
194 silly idealTree +-- combined-stream@1.0.5
194 silly idealTree +-- commander@2.1.0
194 silly idealTree +-- compressible@2.0.8
194 silly idealTree +-- compression@1.5.2
194 silly idealTree +-- concat-map@0.0.1
194 silly idealTree +-- connect-timeout@1.6.2
194 silly idealTree +-- connect@2.30.2
194 silly idealTree | `-- qs@4.0.0
194 silly idealTree +-- content-type@1.0.2
194 silly idealTree +-- cookie-parser@1.3.5
194 silly idealTree +-- cookie-signature@1.0.6
194 silly idealTree +-- cookie@0.1.3
194 silly idealTree +-- core-util-is@1.0.2
194 silly idealTree +-- crc@3.3.0
194 silly idealTree +-- cryptiles@2.0.5
194 silly idealTree +-- csrf@3.0.1
194 silly idealTree +-- csurf@1.8.3
194 silly idealTree +-- ctype@0.5.3
194 silly idealTree +-- debug@2.2.0
194 silly idealTree +-- deep-equal@1.0.1
194 silly idealTree +-- delayed-stream@1.0.0
194 silly idealTree +-- depd@1.0.1
194 silly idealTree +-- destroy@1.0.4
194 silly idealTree +-- di@0.0.1
194 silly idealTree +-- ecstatic@0.4.13
194 silly idealTree | `-- optimist@0.3.7
194 silly idealTree +-- ee-first@1.1.1
194 silly idealTree +-- ent@0.0.7
194 silly idealTree +-- errorhandler@1.4.3
194 silly idealTree | +-- accepts@1.3.3
194 silly idealTree | `-- negotiator@0.6.1
194 silly idealTree +-- escape-html@1.0.3
194 silly idealTree +-- escape-string-regexp@1.0.5
194 silly idealTree +-- etag@1.7.0
194 silly idealTree +-- exit@0.1.2
194 silly idealTree +-- expand-brackets@0.1.5
194 silly idealTree +-- expand-range@1.8.2
194 silly idealTree +-- express-session@1.11.3
194 silly idealTree | `-- uid-safe@2.0.0
194 silly idealTree +-- extend@3.0.0
194 silly idealTree +-- extglob@0.3.2
194 silly idealTree +-- filename-regex@2.0.0
194 silly idealTree +-- fill-range@2.2.3
194 silly idealTree +-- finalhandler@0.4.0
194 silly idealTree | `-- escape-html@1.0.2
194 silly idealTree +-- for-in@0.1.5
194 silly idealTree +-- for-own@0.1.4
194 silly idealTree +-- forever-agent@0.6.1
194 silly idealTree +-- form-data@0.2.0
194 silly idealTree | +-- async@0.9.2
194 silly idealTree | +-- combined-stream@0.0.7
194 silly idealTree | +-- delayed-stream@0.0.5
194 silly idealTree | +-- mime-db@1.12.0
194 silly idealTree | `-- mime-types@2.0.14
194 silly idealTree +-- fresh@0.3.0
194 silly idealTree +-- generate-function@2.0.0
194 silly idealTree +-- generate-object-property@1.2.0
194 silly idealTree +-- glob-base@0.3.0
194 silly idealTree +-- glob-parent@2.0.0
194 silly idealTree +-- glob@5.0.15
194 silly idealTree +-- graceful-fs@3.0.8
194 silly idealTree +-- graceful-readlink@1.0.1
194 silly idealTree +-- har-validator@1.8.0
194 silly idealTree | `-- commander@2.9.0
194 silly idealTree +-- has-ansi@2.0.0
194 silly idealTree +-- hawk@2.3.1
194 silly idealTree +-- hoek@2.16.3
194 silly idealTree +-- html-entities@1.1.3
194 silly idealTree +-- http-errors@1.3.1
194 silly idealTree +-- http-proxy@0.10.4
194 silly idealTree | +-- optimist@0.6.1
194 silly idealTree | `-- pkginfo@0.3.1
194 silly idealTree +-- http-server@0.6.1
194 silly idealTree +-- http-signature@0.11.0
194 silly idealTree +-- https-proxy-agent@1.0.0
194 silly idealTree +-- i@0.3.5
194 silly idealTree +-- iconv-lite@0.4.11
194 silly idealTree +-- inflight@1.0.5
194 silly idealTree +-- inherits@2.0.1
194 silly idealTree +-- is-binary-path@1.0.1
194 silly idealTree +-- is-buffer@1.1.3
194 silly idealTree +-- is-dotfile@1.0.2
194 silly idealTree +-- is-equal-shallow@0.1.3
194 silly idealTree +-- is-extendable@0.1.1
194 silly idealTree +-- is-extglob@1.0.0
194 silly idealTree +-- is-glob@2.0.1
194 silly idealTree +-- is-my-json-valid@2.13.1
194 silly idealTree +-- is-number@2.1.0
194 silly idealTree +-- is-posix-bracket@0.1.1
194 silly idealTree +-- is-primitive@2.0.0
194 silly idealTree +-- is-property@1.0.2
194 silly idealTree +-- isarray@1.0.0
194 silly idealTree +-- isexe@1.1.2
194 silly idealTree +-- isobject@2.1.0
194 silly idealTree +-- isstream@0.1.2
194 silly idealTree +-- jasmine-core@2.4.1
194 silly idealTree +-- jasmine@2.3.2
194 silly idealTree | +-- glob@3.2.11
194 silly idealTree | +-- jasmine-core@2.3.4
194 silly idealTree | `-- minimatch@0.3.0
194 silly idealTree +-- jasminewd@1.1.0
194 silly idealTree +-- jasminewd2@0.0.6
194 silly idealTree +-- json-stringify-safe@5.0.1
194 silly idealTree +-- jsonpointer@2.0.0
194 silly idealTree +-- karma-chrome-launcher@0.1.12
194 silly idealTree +-- karma-firefox-launcher@0.1.7
194 silly idealTree +-- karma-jasmine@0.3.8
194 silly idealTree +-- karma-junit-reporter@0.2.2
194 silly idealTree +-- karma@0.12.37
194 silly idealTree | +-- colors@1.1.2
194 silly idealTree | +-- mime@1.3.4
194 silly idealTree | `-- optimist@0.6.1
194 silly idealTree +-- kind-of@3.0.3
194 silly idealTree +-- lodash@3.10.1
194 silly idealTree +-- log4js@0.6.36
194 silly idealTree | +-- isarray@0.0.1
194 silly idealTree | `-- readable-stream@1.0.34
194 silly idealTree +-- lru-cache@2.2.4
194 silly idealTree +-- media-typer@0.3.0
194 silly idealTree +-- method-override@2.3.6
194 silly idealTree | `-- vary@1.1.0
194 silly idealTree +-- methods@1.1.2
194 silly idealTree +-- micromatch@2.3.8
194 silly idealTree +-- mime-db@1.23.0
194 silly idealTree +-- mime-types@2.1.11
194 silly idealTree +-- mime@1.2.11
194 silly idealTree +-- minijasminenode@1.1.1
194 silly idealTree +-- minimatch@2.0.10
194 silly idealTree +-- minimist@0.0.10
194 silly idealTree +-- mkdirp@0.0.7
194 silly idealTree +-- morgan@1.6.1
194 silly idealTree +-- ms@0.7.1
194 silly idealTree +-- multiparty@3.3.2
194 silly idealTree | +-- isarray@0.0.1
194 silly idealTree | `-- readable-stream@1.1.14
194 silly idealTree +-- nan@1.0.0
194 silly idealTree +-- ncp@0.4.2
194 silly idealTree +-- negotiator@0.5.3
194 silly idealTree +-- node-uuid@1.4.7
194 silly idealTree +-- normalize-path@2.0.1
194 silly idealTree +-- oauth-sign@0.8.2
194 silly idealTree +-- object.omit@2.0.0
194 silly idealTree +-- on-finished@2.3.0
194 silly idealTree +-- on-headers@1.0.1
194 silly idealTree +-- once@1.3.3
194 silly idealTree +-- opener@1.3.0
194 silly idealTree +-- optimist@0.5.2
194 silly idealTree +-- options@0.0.6
194 silly idealTree +-- parse-glob@3.0.4
194 silly idealTree +-- parseurl@1.3.1
194 silly idealTree +-- path-is-absolute@1.0.0
194 silly idealTree +-- pause@0.1.0
194 silly idealTree +-- pkginfo@0.2.3
194 silly idealTree +-- policyfile@0.0.4
194 silly idealTree +-- portfinder@0.2.1
194 silly idealTree +-- preserve@0.2.0
194 silly idealTree +-- process-nextick-args@1.0.7
194 silly idealTree +-- protractor@2.5.1
194 silly idealTree | +-- glob@3.2.11
194 silly idealTree | +-- lodash@2.4.2
194 silly idealTree | +-- minimatch@0.3.0
194 silly idealTree | +-- optimist@0.6.1
194 silly idealTree | `-- q@1.0.0
194 silly idealTree +-- q@1.4.1
194 silly idealTree +-- qs@0.5.6
194 silly idealTree +-- random-bytes@1.0.0
194 silly idealTree +-- randomatic@1.1.5
194 silly idealTree +-- range-parser@1.0.3
194 silly idealTree +-- raw-body@2.1.6
194 silly idealTree | +-- bytes@2.3.0
194 silly idealTree | `-- iconv-lite@0.4.13
194 silly idealTree +-- readable-stream@2.1.4
194 silly idealTree +-- readdirp@2.0.0
194 silly idealTree | `-- graceful-fs@4.1.4
194 silly idealTree +-- redis@0.7.3
194 silly idealTree +-- regex-cache@0.4.3
194 silly idealTree +-- repeat-element@1.1.2
194 silly idealTree +-- repeat-string@1.5.4
194 silly idealTree +-- request@2.57.0
194 silly idealTree | +-- mime-db@1.12.0
194 silly idealTree | +-- mime-types@2.0.14
194 silly idealTree | `-- qs@3.1.0
194 silly idealTree +-- response-time@2.3.1
194 silly idealTree +-- rimraf@2.5.2
194 silly idealTree | `-- glob@7.0.3
194 silly idealTree +-- rndm@1.2.0
194 silly idealTree +-- saucelabs@1.0.1
194 silly idealTree +-- sax@0.6.1
194 silly idealTree +-- scmp@1.0.0
194 silly idealTree +-- selenium-webdriver@2.47.0
194 silly idealTree | `-- ws@0.8.1
194 silly idealTree +-- semver@4.3.6
194 silly idealTree +-- send@0.13.1
194 silly idealTree | +-- depd@1.1.0
194 silly idealTree | +-- mime@1.3.4
194 silly idealTree | `-- statuses@1.2.1
194 silly idealTree +-- serve-favicon@2.3.0
194 silly idealTree +-- serve-index@1.7.3
194 silly idealTree +-- serve-static@1.10.2
194 silly idealTree +-- shelljs@0.2.6
194 silly idealTree +-- sigmund@1.0.1
194 silly idealTree +-- sntp@1.0.9
194 silly idealTree +-- socket.io-client@0.9.16
194 silly idealTree +-- socket.io@0.9.16
194 silly idealTree +-- source-map-support@0.2.10
194 silly idealTree | `-- source-map@0.1.32
194 silly idealTree +-- source-map@0.4.4
194 silly idealTree +-- statuses@1.3.0
194 silly idealTree +-- stream-counter@0.2.0
194 silly idealTree | +-- isarray@0.0.1
194 silly idealTree | `-- readable-stream@1.1.14
194 silly idealTree +-- string_decoder@0.10.31
194 silly idealTree +-- stringstream@0.0.5
194 silly idealTree +-- strip-ansi@3.0.1
194 silly idealTree +-- supports-color@2.0.0
194 silly idealTree +-- tinycolor@0.0.1
194 silly idealTree +-- tmp@0.0.24
194 silly idealTree +-- tough-cookie@2.2.2
194 silly idealTree +-- tunnel-agent@0.4.3
194 silly idealTree +-- type-is@1.6.13
194 silly idealTree +-- uglify-js@1.2.5
194 silly idealTree +-- uid-safe@2.1.0
194 silly idealTree +-- ultron@1.0.2
194 silly idealTree +-- union@0.3.8
194 silly idealTree +-- unpipe@1.0.0
194 silly idealTree +-- useragent@2.1.9
194 silly idealTree +-- utf-8-validate@1.2.1
194 silly idealTree | `-- nan@2.3.3
194 silly idealTree +-- util-deprecate@1.0.2
194 silly idealTree +-- utile@0.2.1
194 silly idealTree +-- utils-merge@1.0.0
194 silly idealTree +-- vary@1.0.1
194 silly idealTree +-- vhost@3.0.2
194 silly idealTree +-- which@1.2.9
194 silly idealTree +-- wordwrap@0.0.3
194 silly idealTree +-- wrappy@1.0.2
194 silly idealTree +-- ws@0.4.32
194 silly idealTree +-- xml2js@0.4.4
194 silly idealTree | `-- xmlbuilder@8.2.2
194 silly idealTree +-- xmlbuilder@0.4.2
194 silly idealTree +-- xmlhttprequest@1.4.2
194 silly idealTree +-- xtend@4.0.1
194 silly idealTree `-- zeparser@0.0.5
195 silly generateActionsToTake Starting
196 silly install generateActionsToTake
197 silly generateActionsToTake Finishing
198 silly diffTrees action count 5
199 silly diffTrees add bindings@1.2.1
200 silly diffTrees add nan@2.3.3
201 silly diffTrees add bufferutil@1.2.1
202 silly diffTrees add nan@2.3.3
203 silly diffTrees add utf-8-validate@1.2.1
204 silly decomposeActions action count 40
205 silly decomposeActions fetch bindings@1.2.1
206 silly decomposeActions extract bindings@1.2.1
207 silly decomposeActions test bindings@1.2.1
208 silly decomposeActions preinstall bindings@1.2.1
209 silly decomposeActions build bindings@1.2.1
210 silly decomposeActions install bindings@1.2.1
211 silly decomposeActions postinstall bindings@1.2.1
212 silly decomposeActions finalize bindings@1.2.1
213 silly decomposeActions fetch nan@2.3.3
214 silly decomposeActions extract nan@2.3.3
215 silly decomposeActions test nan@2.3.3
216 silly decomposeActions preinstall nan@2.3.3
217 silly decomposeActions build nan@2.3.3
218 silly decomposeActions install nan@2.3.3
219 silly decomposeActions postinstall nan@2.3.3
220 silly decomposeActions finalize nan@2.3.3
221 silly decomposeActions fetch bufferutil@1.2.1
222 silly decomposeActions extract bufferutil@1.2.1
223 silly decomposeActions test bufferutil@1.2.1
224 silly decomposeActions preinstall bufferutil@1.2.1
225 silly decomposeActions build bufferutil@1.2.1
226 silly decomposeActions install bufferutil@1.2.1
227 silly decomposeActions postinstall bufferutil@1.2.1
228 silly decomposeActions finalize bufferutil@1.2.1
229 silly decomposeActions fetch nan@2.3.3
230 silly decomposeActions extract nan@2.3.3
231 silly decomposeActions test nan@2.3.3
232 silly decomposeActions preinstall nan@2.3.3
233 silly decomposeActions build nan@2.3.3
234 silly decomposeActions install nan@2.3.3
235 silly decomposeActions postinstall nan@2.3.3
236 silly decomposeActions finalize nan@2.3.3
237 silly decomposeActions fetch utf-8-validate@1.2.1
238 silly decomposeActions extract utf-8-validate@1.2.1
239 silly decomposeActions test utf-8-validate@1.2.1
240 silly decomposeActions preinstall utf-8-validate@1.2.1
241 silly decomposeActions build utf-8-validate@1.2.1
242 silly decomposeActions install utf-8-validate@1.2.1
243 silly decomposeActions postinstall utf-8-validate@1.2.1
244 silly decomposeActions finalize utf-8-validate@1.2.1
245 silly executeActions Starting
246 silly install executeActions
247 silly doSerial global-install 0
248 silly doParallel fetch 5
249 verbose correctMkdir C:\Users\Shamil\AppData\Roaming\npm-cache\_locks correctMkdir not in flight; initializing
250 verbose lock using C:\Users\Shamil\AppData\Roaming\npm-cache\_locks\staging-744299ec2e6a0d29.lock for D:\Exam\TennisBookin\node_modules\.staging
251 silly doParallel extract 5
252 silly extract bindings@1.2.1
253 silly extract nan@2.3.3
254 silly extract bufferutil@1.2.1
255 silly extract nan@2.3.3
256 silly extract utf-8-validate@1.2.1
257 verbose unbuild node_modules\.staging\bindings-1967fee3
258 verbose unbuild node_modules\.staging\nan-242e85ec
259 verbose unbuild node_modules\.staging\bufferutil-71f6733b
260 verbose unbuild node_modules\.staging\nan-6e113c3a
261 silly gentlyRm D:\Exam\TennisBookin\node_modules\.staging\bindings-1967fee3 is being purged from base D:\Exam\TennisBookin
262 verbose gentlyRm don't care about contents; nuking D:\Exam\TennisBookin\node_modules\.staging\bindings-1967fee3
263 silly gentlyRm D:\Exam\TennisBookin\node_modules\.staging\nan-242e85ec is being purged from base D:\Exam\TennisBookin
264 verbose gentlyRm don't care about contents; nuking D:\Exam\TennisBookin\node_modules\.staging\nan-242e85ec
265 verbose unbuild node_modules\.staging\utf-8-validate-619e313a
266 silly gentlyRm D:\Exam\TennisBookin\node_modules\.staging\bufferutil-71f6733b is being purged from base D:\Exam\TennisBookin
267 verbose gentlyRm don't care about contents; nuking D:\Exam\TennisBookin\node_modules\.staging\bufferutil-71f6733b
268 verbose tar unpack C:\Users\Shamil\AppData\Roaming\npm-cache\bindings\1.2.1\package.tgz
269 verbose tar unpacking to D:\Exam\TennisBookin\node_modules\.staging\bindings-1967fee3
270 silly gentlyRm D:\Exam\TennisBookin\node_modules\.staging\bindings-1967fee3 is being purged
271 verbose gentlyRm don't care about contents; nuking D:\Exam\TennisBookin\node_modules\.staging\bindings-1967fee3
272 silly gentlyRm D:\Exam\TennisBookin\node_modules\.staging\nan-6e113c3a is being purged from base D:\Exam\TennisBookin
273 verbose gentlyRm don't care about contents; nuking D:\Exam\TennisBookin\node_modules\.staging\nan-6e113c3a
274 verbose tar unpack C:\Users\Shamil\AppData\Roaming\npm-cache\nan\2.3.3\package.tgz
275 verbose tar unpacking to D:\Exam\TennisBookin\node_modules\.staging\nan-242e85ec
276 silly gentlyRm D:\Exam\TennisBookin\node_modules\.staging\nan-242e85ec is being purged
277 verbose gentlyRm don't care about contents; nuking D:\Exam\TennisBookin\node_modules\.staging\nan-242e85ec
278 verbose tar unpack C:\Users\Shamil\AppData\Roaming\npm-cache\bufferutil\1.2.1\package.tgz
279 verbose tar unpacking to D:\Exam\TennisBookin\node_modules\.staging\bufferutil-71f6733b
280 silly gentlyRm D:\Exam\TennisBookin\node_modules\.staging\bufferutil-71f6733b is being purged
281 verbose gentlyRm don't care about contents; nuking D:\Exam\TennisBookin\node_modules\.staging\bufferutil-71f6733b
282 silly gunzTarPerm modes [ '777', '666' ]
283 verbose tar unpack C:\Users\Shamil\AppData\Roaming\npm-cache\nan\2.3.3\package.tgz
284 verbose tar unpacking to D:\Exam\TennisBookin\node_modules\.staging\nan-6e113c3a
285 silly gentlyRm D:\Exam\TennisBookin\node_modules\.staging\nan-6e113c3a is being purged
286 verbose gentlyRm don't care about contents; nuking D:\Exam\TennisBookin\node_modules\.staging\nan-6e113c3a
287 silly gunzTarPerm modes [ '777', '666' ]
288 silly gentlyRm D:\Exam\TennisBookin\node_modules\.staging\utf-8-validate-619e313a is being purged from base D:\Exam\TennisBookin
289 verbose gentlyRm don't care about contents; nuking D:\Exam\TennisBookin\node_modules\.staging\utf-8-validate-619e313a
290 silly gunzTarPerm modes [ '777', '666' ]
291 silly gunzTarPerm modes [ '777', '666' ]
292 verbose tar unpack C:\Users\Shamil\AppData\Roaming\npm-cache\utf-8-validate\1.2.1\package.tgz
293 verbose tar unpacking to D:\Exam\TennisBookin\node_modules\.staging\utf-8-validate-619e313a
294 silly gentlyRm D:\Exam\TennisBookin\node_modules\.staging\utf-8-validate-619e313a is being purged
295 verbose gentlyRm don't care about contents; nuking D:\Exam\TennisBookin\node_modules\.staging\utf-8-validate-619e313a
296 silly gunzTarPerm modes [ '777', '666' ]
297 silly gunzTarPerm extractEntry package.json
298 silly gunzTarPerm modified mode [ 'package.json', 436, 438 ]
299 silly gunzTarPerm extractEntry package.json
300 silly gunzTarPerm modified mode [ 'package.json', 436, 438 ]
301 silly gunzTarPerm extractEntry package.json
302 silly gunzTarPerm modified mode [ 'package.json', 420, 438 ]
303 silly gunzTarPerm extractEntry package.json
304 silly gunzTarPerm modified mode [ 'package.json', 420, 438 ]
305 silly gunzTarPerm extractEntry package.json
306 silly gunzTarPerm modified mode [ 'package.json', 420, 438 ]
307 silly gunzTarPerm extractEntry README.md
308 silly gunzTarPerm modified mode [ 'README.md', 436, 438 ]
309 silly gunzTarPerm extractEntry README.md
310 silly gunzTarPerm modified mode [ 'README.md', 436, 438 ]
311 silly gunzTarPerm extractEntry .npmignore
312 silly gunzTarPerm modified mode [ '.npmignore', 420, 438 ]
313 silly gunzTarPerm extractEntry README.md
314 silly gunzTarPerm modified mode [ 'README.md', 420, 438 ]
315 silly gunzTarPerm extractEntry include_dirs.js
316 silly gunzTarPerm modified mode [ 'include_dirs.js', 436, 438 ]
317 silly gunzTarPerm extractEntry include_dirs.js
318 silly gunzTarPerm modified mode [ 'include_dirs.js', 436, 438 ]
319 silly gunzTarPerm extractEntry README.md
320 silly gunzTarPerm modified mode [ 'README.md', 420, 438 ]
321 silly gunzTarPerm extractEntry bindings.js
322 silly gunzTarPerm modified mode [ 'bindings.js', 420, 438 ]
323 silly gunzTarPerm extractEntry .npmignore
324 silly gunzTarPerm modified mode [ '.npmignore', 420, 438 ]
325 silly gunzTarPerm extractEntry README.md
326 silly gunzTarPerm modified mode [ 'README.md', 420, 438 ]
327 silly gunzTarPerm extractEntry nan_converters.h
328 silly gunzTarPerm modified mode [ 'nan_converters.h', 436, 438 ]
329 silly gunzTarPerm extractEntry LICENSE.md
330 silly gunzTarPerm modified mode [ 'LICENSE.md', 436, 438 ]
331 silly gunzTarPerm extractEntry doc/node_misc.md
332 silly gunzTarPerm modified mode [ 'doc/node_misc.md', 436, 438 ]
333 silly gunzTarPerm extractEntry fallback.js
334 silly gunzTarPerm modified mode [ 'fallback.js', 420, 438 ]
335 silly gunzTarPerm extractEntry index.js
336 silly gunzTarPerm modified mode [ 'index.js', 420, 438 ]
337 silly gunzTarPerm extractEntry nan_converters.h
338 silly gunzTarPerm modified mode [ 'nan_converters.h', 436, 438 ]
339 silly gunzTarPerm extractEntry LICENSE.md
340 silly gunzTarPerm modified mode [ 'LICENSE.md', 436, 438 ]
341 silly gunzTarPerm extractEntry doc/node_misc.md
342 silly gunzTarPerm modified mode [ 'doc/node_misc.md', 436, 438 ]
343 silly gunzTarPerm extractEntry fallback.js
344 silly gunzTarPerm modified mode [ 'fallback.js', 420, 438 ]
345 silly gunzTarPerm extractEntry index.js
346 silly gunzTarPerm modified mode [ 'index.js', 420, 438 ]
347 silly gunzTarPerm extractEntry doc/asyncworker.md
348 silly gunzTarPerm modified mode [ 'doc/asyncworker.md', 436, 438 ]
349 silly gunzTarPerm extractEntry doc/asyncworker.md
350 silly gunzTarPerm modified mode [ 'doc/asyncworker.md', 436, 438 ]
351 silly gunzTarPerm extractEntry .travis.yml
352 silly gunzTarPerm modified mode [ '.travis.yml', 420, 438 ]
353 silly gunzTarPerm extractEntry binding.gyp
354 silly gunzTarPerm modified mode [ 'binding.gyp', 420, 438 ]
355 silly gunzTarPerm extractEntry binding.gyp
356 silly gunzTarPerm modified mode [ 'binding.gyp', 420, 438 ]
357 silly gunzTarPerm extractEntry .travis.yml
358 silly gunzTarPerm modified mode [ '.travis.yml', 420, 438 ]
359 silly gunzTarPerm extractEntry doc/callback.md
360 silly gunzTarPerm modified mode [ 'doc/callback.md', 436, 438 ]
361 silly gunzTarPerm extractEntry doc/converters.md
362 silly gunzTarPerm modified mode [ 'doc/converters.md', 436, 438 ]
363 silly gunzTarPerm extractEntry doc/callback.md
364 silly gunzTarPerm modified mode [ 'doc/callback.md', 436, 438 ]
365 silly gunzTarPerm extractEntry doc/converters.md
366 silly gunzTarPerm modified mode [ 'doc/converters.md', 436, 438 ]
367 silly gunzTarPerm extractEntry src/bufferutil.cc
368 silly gunzTarPerm modified mode [ 'src/bufferutil.cc', 420, 438 ]
369 silly gunzTarPerm extractEntry src/validation.cc
370 silly gunzTarPerm modified mode [ 'src/validation.cc', 420, 438 ]
371 silly gunzTarPerm extractEntry doc/errors.md
372 silly gunzTarPerm modified mode [ 'doc/errors.md', 436, 438 ]
373 silly gunzTarPerm extractEntry doc/maybe_types.md
374 silly gunzTarPerm modified mode [ 'doc/maybe_types.md', 436, 438 ]
375 silly gunzTarPerm extractEntry doc/errors.md
376 silly gunzTarPerm modified mode [ 'doc/errors.md', 436, 438 ]
377 silly gunzTarPerm extractEntry doc/maybe_types.md
378 silly gunzTarPerm modified mode [ 'doc/maybe_types.md', 436, 438 ]
379 silly gunzTarPerm extractEntry doc/methods.md
380 silly gunzTarPerm modified mode [ 'doc/methods.md', 436, 438 ]
381 silly gunzTarPerm extractEntry doc/new.md
382 silly gunzTarPerm modified mode [ 'doc/new.md', 436, 438 ]
383 silly gunzTarPerm extractEntry doc/methods.md
384 silly gunzTarPerm modified mode [ 'doc/methods.md', 436, 438 ]
385 silly gunzTarPerm extractEntry doc/new.md
386 silly gunzTarPerm modified mode [ 'doc/new.md', 436, 438 ]
387 silly gentlyRm D:\Exam\TennisBookin\node_modules\.staging\bindings-1967fee3\node_modules is being purged
388 verbose gentlyRm don't care about contents; nuking D:\Exam\TennisBookin\node_modules\.staging\bindings-1967fee3\node_modules
389 silly gunzTarPerm extractEntry doc/buffers.md
390 silly gunzTarPerm modified mode [ 'doc/buffers.md', 436, 438 ]
391 silly gunzTarPerm extractEntry doc/object_wrappers.md
392 silly gunzTarPerm modified mode [ 'doc/object_wrappers.md', 436, 438 ]
393 silly gunzTarPerm extractEntry doc/buffers.md
394 silly gunzTarPerm modified mode [ 'doc/buffers.md', 436, 438 ]
395 silly gunzTarPerm extractEntry doc/object_wrappers.md
396 silly gunzTarPerm modified mode [ 'doc/object_wrappers.md', 436, 438 ]
397 silly gunzTarPerm extractEntry doc/persistent.md
398 silly gunzTarPerm modified mode [ 'doc/persistent.md', 436, 438 ]
399 silly gunzTarPerm extractEntry doc/scopes.md
400 silly gunzTarPerm modified mode [ 'doc/scopes.md', 436, 438 ]
401 silly gunzTarPerm extractEntry doc/persistent.md
402 silly gunzTarPerm modified mode [ 'doc/persistent.md', 436, 438 ]
403 silly gunzTarPerm extractEntry doc/scopes.md
404 silly gunzTarPerm modified mode [ 'doc/scopes.md', 436, 438 ]
405 silly gunzTarPerm extractEntry doc/script.md
406 silly gunzTarPerm modified mode [ 'doc/script.md', 436, 438 ]
407 silly gunzTarPerm extractEntry doc/string_bytes.md
408 silly gunzTarPerm modified mode [ 'doc/string_bytes.md', 436, 438 ]
409 silly gunzTarPerm extractEntry doc/script.md
410 silly gunzTarPerm modified mode [ 'doc/script.md', 436, 438 ]
411 silly gunzTarPerm extractEntry doc/string_bytes.md
412 silly gunzTarPerm modified mode [ 'doc/string_bytes.md', 436, 438 ]
413 silly gunzTarPerm extractEntry doc/v8_internals.md
414 silly gunzTarPerm modified mode [ 'doc/v8_internals.md', 436, 438 ]
415 silly gunzTarPerm extractEntry doc/v8_misc.md
416 silly gunzTarPerm modified mode [ 'doc/v8_misc.md', 436, 438 ]
417 silly gunzTarPerm extractEntry doc/v8_internals.md
418 silly gunzTarPerm modified mode [ 'doc/v8_internals.md', 436, 438 ]
419 silly gunzTarPerm extractEntry doc/v8_misc.md
420 silly gunzTarPerm modified mode [ 'doc/v8_misc.md', 436, 438 ]
421 silly gunzTarPerm extractEntry nan.h
422 silly gunzTarPerm modified mode [ 'nan.h', 436, 438 ]
423 silly gentlyRm D:\Exam\TennisBookin\node_modules\.staging\bufferutil-71f6733b\node_modules is being purged
424 verbose gentlyRm don't care about contents; nuking D:\Exam\TennisBookin\node_modules\.staging\bufferutil-71f6733b\node_modules
425 silly gentlyRm D:\Exam\TennisBookin\node_modules\.staging\utf-8-validate-619e313a\node_modules is being purged
426 verbose gentlyRm don't care about contents; nuking D:\Exam\TennisBookin\node_modules\.staging\utf-8-validate-619e313a\node_modules
427 silly gunzTarPerm extractEntry nan.h
428 silly gunzTarPerm modified mode [ 'nan.h', 436, 438 ]
429 silly gunzTarPerm extractEntry nan_callbacks.h
430 silly gunzTarPerm modified mode [ 'nan_callbacks.h', 436, 438 ]
431 silly gunzTarPerm extractEntry nan_callbacks_12_inl.h
432 silly gunzTarPerm modified mode [ 'nan_callbacks_12_inl.h', 436, 438 ]
433 silly gunzTarPerm extractEntry nan_callbacks_pre_12_inl.h
434 silly gunzTarPerm modified mode [ 'nan_callbacks_pre_12_inl.h', 436, 438 ]
435 silly gunzTarPerm extractEntry nan_converters_43_inl.h
436 silly gunzTarPerm modified mode [ 'nan_converters_43_inl.h', 436, 438 ]
437 silly gunzTarPerm extractEntry nan_converters_pre_43_inl.h
438 silly gunzTarPerm modified mode [ 'nan_converters_pre_43_inl.h', 436, 438 ]
439 silly gunzTarPerm extractEntry nan_implementation_12_inl.h
440 silly gunzTarPerm modified mode [ 'nan_implementation_12_inl.h', 436, 438 ]
441 silly gunzTarPerm extractEntry nan_implementation_pre_12_inl.h
442 silly gunzTarPerm modified mode [ 'nan_implementation_pre_12_inl.h', 436, 438 ]
443 silly gunzTarPerm extractEntry nan_maybe_43_inl.h
444 silly gunzTarPerm modified mode [ 'nan_maybe_43_inl.h', 436, 438 ]
445 silly gunzTarPerm extractEntry nan_maybe_pre_43_inl.h
446 silly gunzTarPerm modified mode [ 'nan_maybe_pre_43_inl.h', 436, 438 ]
447 silly gunzTarPerm extractEntry nan_new.h
448 silly gunzTarPerm modified mode [ 'nan_new.h', 436, 438 ]
449 silly gunzTarPerm extractEntry nan_object_wrap.h
450 silly gunzTarPerm modified mode [ 'nan_object_wrap.h', 436, 438 ]
451 silly gunzTarPerm extractEntry nan_persistent_12_inl.h
452 silly gunzTarPerm modified mode [ 'nan_persistent_12_inl.h', 436, 438 ]
453 silly gunzTarPerm extractEntry nan_persistent_pre_12_inl.h
454 silly gunzTarPerm modified mode [ 'nan_persistent_pre_12_inl.h', 436, 438 ]
455 silly gunzTarPerm extractEntry nan_string_bytes.h
456 silly gunzTarPerm modified mode [ 'nan_string_bytes.h', 436, 438 ]
457 silly gunzTarPerm extractEntry nan_typedarray_contents.h
458 silly gunzTarPerm modified mode [ 'nan_typedarray_contents.h', 436, 438 ]
459 silly gunzTarPerm extractEntry nan_weak.h
460 silly gunzTarPerm modified mode [ 'nan_weak.h', 436, 438 ]
461 silly gunzTarPerm extractEntry CHANGELOG.md
462 silly gunzTarPerm modified mode [ 'CHANGELOG.md', 436, 438 ]
463 silly gunzTarPerm extractEntry tools/package.json
464 silly gunzTarPerm modified mode [ 'tools/package.json', 436, 438 ]
465 silly gunzTarPerm extractEntry tools/README.md
466 silly gunzTarPerm modified mode [ 'tools/README.md', 436, 438 ]
467 silly gunzTarPerm extractEntry tools/1to2.js
468 silly gunzTarPerm modified mode [ 'tools/1to2.js', 509, 511 ]
469 silly gunzTarPerm extractEntry nan_callbacks.h
470 silly gunzTarPerm modified mode [ 'nan_callbacks.h', 436, 438 ]
471 silly gunzTarPerm extractEntry nan_callbacks_12_inl.h
472 silly gunzTarPerm modified mode [ 'nan_callbacks_12_inl.h', 436, 438 ]
473 silly gunzTarPerm extractEntry nan_callbacks_pre_12_inl.h
474 silly gunzTarPerm modified mode [ 'nan_callbacks_pre_12_inl.h', 436, 438 ]
475 silly gunzTarPerm extractEntry nan_converters_43_inl.h
476 silly gunzTarPerm modified mode [ 'nan_converters_43_inl.h', 436, 438 ]
477 silly gunzTarPerm extractEntry nan_converters_pre_43_inl.h
478 silly gunzTarPerm modified mode [ 'nan_converters_pre_43_inl.h', 436, 438 ]
479 silly gunzTarPerm extractEntry nan_implementation_12_inl.h
480 silly gunzTarPerm modified mode [ 'nan_implementation_12_inl.h', 436, 438 ]
481 silly gunzTarPerm extractEntry nan_implementation_pre_12_inl.h
482 silly gunzTarPerm modified mode [ 'nan_implementation_pre_12_inl.h', 436, 438 ]
483 silly gunzTarPerm extractEntry nan_maybe_43_inl.h
484 silly gunzTarPerm modified mode [ 'nan_maybe_43_inl.h', 436, 438 ]
485 silly gunzTarPerm extractEntry nan_maybe_pre_43_inl.h
486 silly gunzTarPerm modified mode [ 'nan_maybe_pre_43_inl.h', 436, 438 ]
487 silly gunzTarPerm extractEntry nan_new.h
488 silly gunzTarPerm modified mode [ 'nan_new.h', 436, 438 ]
489 silly gunzTarPerm extractEntry nan_object_wrap.h
490 silly gunzTarPerm modified mode [ 'nan_object_wrap.h', 436, 438 ]
491 silly gunzTarPerm extractEntry nan_persistent_12_inl.h
492 silly gunzTarPerm modified mode [ 'nan_persistent_12_inl.h', 436, 438 ]
493 silly gunzTarPerm extractEntry nan_persistent_pre_12_inl.h
494 silly gunzTarPerm modified mode [ 'nan_persistent_pre_12_inl.h', 436, 438 ]
495 silly gunzTarPerm extractEntry nan_string_bytes.h
496 silly gunzTarPerm modified mode [ 'nan_string_bytes.h', 436, 438 ]
497 silly gunzTarPerm extractEntry nan_typedarray_contents.h
498 silly gunzTarPerm modified mode [ 'nan_typedarray_contents.h', 436, 438 ]
499 silly gunzTarPerm extractEntry nan_weak.h
500 silly gunzTarPerm modified mode [ 'nan_weak.h', 436, 438 ]
501 silly gunzTarPerm extractEntry CHANGELOG.md
502 silly gunzTarPerm modified mode [ 'CHANGELOG.md', 436, 438 ]
503 silly gunzTarPerm extractEntry tools/package.json
504 silly gunzTarPerm modified mode [ 'tools/package.json', 436, 438 ]
505 silly gunzTarPerm extractEntry tools/README.md
506 silly gunzTarPerm modified mode [ 'tools/README.md', 436, 438 ]
507 silly gunzTarPerm extractEntry tools/1to2.js
508 silly gunzTarPerm modified mode [ 'tools/1to2.js', 509, 511 ]
509 silly gentlyRm D:\Exam\TennisBookin\node_modules\.staging\nan-242e85ec\node_modules is being purged
510 verbose gentlyRm don't care about contents; nuking D:\Exam\TennisBookin\node_modules\.staging\nan-242e85ec\node_modules
511 silly gentlyRm D:\Exam\TennisBookin\node_modules\.staging\nan-6e113c3a\node_modules is being purged
512 verbose gentlyRm don't care about contents; nuking D:\Exam\TennisBookin\node_modules\.staging\nan-6e113c3a\node_modules
513 silly doParallel preinstall 5
514 silly preinstall bindings@1.2.1 D:\Exam\TennisBookin\node_modules\.staging\bindings-1967fee3
515 info lifecycle bindings@1.2.1~preinstall: bindings@1.2.1
516 silly preinstall nan@2.3.3 D:\Exam\TennisBookin\node_modules\.staging\nan-242e85ec
517 info lifecycle nan@2.3.3~preinstall: nan@2.3.3
518 silly preinstall bufferutil@1.2.1 D:\Exam\TennisBookin\node_modules\.staging\bufferutil-71f6733b
519 info lifecycle bufferutil@1.2.1~preinstall: bufferutil@1.2.1
520 silly preinstall nan@2.3.3 D:\Exam\TennisBookin\node_modules\.staging\nan-6e113c3a
521 info lifecycle nan@2.3.3~preinstall: nan@2.3.3
522 silly preinstall utf-8-validate@1.2.1 D:\Exam\TennisBookin\node_modules\.staging\utf-8-validate-619e313a
523 info lifecycle utf-8-validate@1.2.1~preinstall: utf-8-validate@1.2.1
524 silly lifecycle bindings@1.2.1~preinstall: no script for preinstall, continuing
525 silly lifecycle nan@2.3.3~preinstall: no script for preinstall, continuing
526 silly lifecycle bufferutil@1.2.1~preinstall: no script for preinstall, continuing
527 silly lifecycle nan@2.3.3~preinstall: no script for preinstall, continuing
528 silly lifecycle utf-8-validate@1.2.1~preinstall: no script for preinstall, continuing
529 silly doReverseSerial remove 0
530 silly doSerial move 0
531 silly doSerial finalize 5
532 silly finalize D:\Exam\TennisBookin\node_modules\bindings
533 silly finalize D:\Exam\TennisBookin\node_modules\bufferutil\node_modules\nan
534 silly finalize D:\Exam\TennisBookin\node_modules\bufferutil
535 silly finalize D:\Exam\TennisBookin\node_modules\utf-8-validate\node_modules\nan
536 silly finalize D:\Exam\TennisBookin\node_modules\utf-8-validate
537 silly doSerial build 5
538 silly build bindings@1.2.1
539 info linkStuff bindings@1.2.1
540 silly linkStuff bindings@1.2.1 has D:\Exam\TennisBookin\node_modules as its parent node_modules
541 verbose linkBins bindings@1.2.1
542 verbose linkMans bindings@1.2.1
543 silly build nan@2.3.3
544 info linkStuff nan@2.3.3
545 silly linkStuff nan@2.3.3 has D:\Exam\TennisBookin\node_modules\bufferutil\node_modules as its parent node_modules
546 verbose linkBins nan@2.3.3
547 verbose linkMans nan@2.3.3
548 silly build bufferutil@1.2.1
549 info linkStuff bufferutil@1.2.1
550 silly linkStuff bufferutil@1.2.1 has D:\Exam\TennisBookin\node_modules as its parent node_modules
551 verbose linkBins bufferutil@1.2.1
552 verbose linkMans bufferutil@1.2.1
553 silly build nan@2.3.3
554 info linkStuff nan@2.3.3
555 silly linkStuff nan@2.3.3 has D:\Exam\TennisBookin\node_modules\utf-8-validate\node_modules as its parent node_modules
556 verbose linkBins nan@2.3.3
557 verbose linkMans nan@2.3.3
558 silly build utf-8-validate@1.2.1
559 info linkStuff utf-8-validate@1.2.1
560 silly linkStuff utf-8-validate@1.2.1 has D:\Exam\TennisBookin\node_modules as its parent node_modules
561 verbose linkBins utf-8-validate@1.2.1
562 verbose linkMans utf-8-validate@1.2.1
563 silly doSerial global-link 0
564 silly doParallel update-linked 0
565 silly doSerial install 5
566 silly install bindings@1.2.1 D:\Exam\TennisBookin\node_modules\.staging\bindings-1967fee3
567 info lifecycle bindings@1.2.1~install: bindings@1.2.1
568 silly lifecycle bindings@1.2.1~install: no script for install, continuing
569 silly install nan@2.3.3 D:\Exam\TennisBookin\node_modules\.staging\nan-242e85ec
570 info lifecycle nan@2.3.3~install: nan@2.3.3
571 silly lifecycle nan@2.3.3~install: no script for install, continuing
572 silly install bufferutil@1.2.1 D:\Exam\TennisBookin\node_modules\.staging\bufferutil-71f6733b
573 info lifecycle bufferutil@1.2.1~install: bufferutil@1.2.1
574 verbose lifecycle bufferutil@1.2.1~install: unsafe-perm in lifecycle true
575 verbose lifecycle bufferutil@1.2.1~install: PATH: C:\Program Files\nodejs\node_modules\npm\bin\node-gyp-bin;D:\Exam\TennisBookin\node_modules\bufferutil\node_modules\.bin;D:\Exam\TennisBookin\node_modules\.bin;C:\Program Files\nodejs\node_modules\npm\bin\node-gyp-bin;D:\Exam\TennisBookin\node_modules\.bin;C:\Program Files (x86)\ActiveState Komodo Edit 8\;C:\Program Files\nodejs\;C:\Program Files\Git\bin;C:\Program Files\Git\cmd;C:\Program Files (x86)\Skype\Phone\;C:\Windows\System32;C:\util\apache-ant-1.9.4\bin;C:\Program Files\Java\jdk1.7.0_71\\bin;D:\sftwrz\android-sdk-windows\tools;D:\sftwrz\android-sdk-windows\platform-tools;C:\Users\Shamil\AppData\Roaming\npm
576 verbose lifecycle bufferutil@1.2.1~install: CWD: D:\Exam\TennisBookin\node_modules\bufferutil
577 silly lifecycle bufferutil@1.2.1~install: Args: [ '/d /s /c', 'node-gyp rebuild' ]
578 silly lifecycle bufferutil@1.2.1~install: Returned: code: 1  signal: null
579 info lifecycle bufferutil@1.2.1~install: Failed to exec install script
580 warn install:bufferutil@1.2.1 bufferutil@1.2.1 install: `node-gyp rebuild`
580 warn install:bufferutil@1.2.1 Exit status 1
581 verbose install:bufferutil@1.2.1 Error: bufferutil@1.2.1 install: `node-gyp rebuild`
581 verbose install:bufferutil@1.2.1 Exit status 1
581 verbose install:bufferutil@1.2.1     at EventEmitter.<anonymous> (C:\Program Files\nodejs\node_modules\npm\lib\utils\lifecycle.js:232:16)
581 verbose install:bufferutil@1.2.1     at emitTwo (events.js:100:13)
581 verbose install:bufferutil@1.2.1     at EventEmitter.emit (events.js:185:7)
581 verbose install:bufferutil@1.2.1     at ChildProcess.<anonymous> (C:\Program Files\nodejs\node_modules\npm\lib\utils\spawn.js:24:14)
581 verbose install:bufferutil@1.2.1     at emitTwo (events.js:100:13)
581 verbose install:bufferutil@1.2.1     at ChildProcess.emit (events.js:185:7)
581 verbose install:bufferutil@1.2.1     at maybeClose (internal/child_process.js:827:16)
581 verbose install:bufferutil@1.2.1     at Process.ChildProcess._handle.onexit (internal/child_process.js:211:5)
582 silly install nan@2.3.3 D:\Exam\TennisBookin\node_modules\.staging\nan-6e113c3a
583 info lifecycle nan@2.3.3~install: nan@2.3.3
584 silly lifecycle nan@2.3.3~install: no script for install, continuing
585 silly install utf-8-validate@1.2.1 D:\Exam\TennisBookin\node_modules\.staging\utf-8-validate-619e313a
586 info lifecycle utf-8-validate@1.2.1~install: utf-8-validate@1.2.1
587 verbose lifecycle utf-8-validate@1.2.1~install: unsafe-perm in lifecycle true
588 verbose lifecycle utf-8-validate@1.2.1~install: PATH: C:\Program Files\nodejs\node_modules\npm\bin\node-gyp-bin;D:\Exam\TennisBookin\node_modules\utf-8-validate\node_modules\.bin;D:\Exam\TennisBookin\node_modules\.bin;C:\Program Files\nodejs\node_modules\npm\bin\node-gyp-bin;D:\Exam\TennisBookin\node_modules\.bin;C:\Program Files (x86)\ActiveState Komodo Edit 8\;C:\Program Files\nodejs\;C:\Program Files\Git\bin;C:\Program Files\Git\cmd;C:\Program Files (x86)\Skype\Phone\;C:\Windows\System32;C:\util\apache-ant-1.9.4\bin;C:\Program Files\Java\jdk1.7.0_71\\bin;D:\sftwrz\android-sdk-windows\tools;D:\sftwrz\android-sdk-windows\platform-tools;C:\Users\Shamil\AppData\Roaming\npm
589 verbose lifecycle utf-8-validate@1.2.1~install: CWD: D:\Exam\TennisBookin\node_modules\utf-8-validate
590 silly lifecycle utf-8-validate@1.2.1~install: Args: [ '/d /s /c', 'node-gyp rebuild' ]
591 silly lifecycle utf-8-validate@1.2.1~install: Returned: code: 1  signal: null
592 info lifecycle utf-8-validate@1.2.1~install: Failed to exec install script
593 warn install:utf-8-validate@1.2.1 utf-8-validate@1.2.1 install: `node-gyp rebuild`
593 warn install:utf-8-validate@1.2.1 Exit status 1
594 verbose install:utf-8-validate@1.2.1 Error: utf-8-validate@1.2.1 install: `node-gyp rebuild`
594 verbose install:utf-8-validate@1.2.1 Exit status 1
594 verbose install:utf-8-validate@1.2.1     at EventEmitter.<anonymous> (C:\Program Files\nodejs\node_modules\npm\lib\utils\lifecycle.js:232:16)
594 verbose install:utf-8-validate@1.2.1     at emitTwo (events.js:100:13)
594 verbose install:utf-8-validate@1.2.1     at EventEmitter.emit (events.js:185:7)
594 verbose install:utf-8-validate@1.2.1     at ChildProcess.<anonymous> (C:\Program Files\nodejs\node_modules\npm\lib\utils\spawn.js:24:14)
594 verbose install:utf-8-validate@1.2.1     at emitTwo (events.js:100:13)
594 verbose install:utf-8-validate@1.2.1     at ChildProcess.emit (events.js:185:7)
594 verbose install:utf-8-validate@1.2.1     at maybeClose (internal/child_process.js:827:16)
594 verbose install:utf-8-validate@1.2.1     at Process.ChildProcess._handle.onexit (internal/child_process.js:211:5)
595 silly doSerial postinstall 5
596 verbose unlock done using C:\Users\Shamil\AppData\Roaming\npm-cache\_locks\staging-744299ec2e6a0d29.lock for D:\Exam\TennisBookin\node_modules\.staging
597 silly executeActions Finishing
598 silly rollbackFailedOptional Starting
599 silly rollbackFailedOptional Finishing
600 silly runTopLevelLifecycles Starting
601 silly install runTopLevelLifecycles
602 silly preinstall angular-seed@0.0.0 D:\Exam\TennisBookin\angular-seed-bc6495fd
603 info lifecycle angular-seed@0.0.0~preinstall: angular-seed@0.0.0
604 silly lifecycle angular-seed@0.0.0~preinstall: no script for preinstall, continuing
605 silly build angular-seed@0.0.0
606 info linkStuff angular-seed@0.0.0
607 silly linkStuff angular-seed@0.0.0 has D:\Exam as its parent node_modules
608 verbose linkBins angular-seed@0.0.0
609 verbose linkMans angular-seed@0.0.0
610 silly install angular-seed@0.0.0 D:\Exam\TennisBookin\angular-seed-bc6495fd
611 info lifecycle angular-seed@0.0.0~install: angular-seed@0.0.0
612 silly lifecycle angular-seed@0.0.0~install: no script for install, continuing
613 silly postinstall angular-seed@0.0.0 D:\Exam\TennisBookin\angular-seed-bc6495fd
614 info lifecycle angular-seed@0.0.0~postinstall: angular-seed@0.0.0
615 verbose lifecycle angular-seed@0.0.0~postinstall: unsafe-perm in lifecycle true
616 verbose lifecycle angular-seed@0.0.0~postinstall: PATH: C:\Program Files\nodejs\node_modules\npm\bin\node-gyp-bin;D:\Exam\TennisBookin\node_modules\.bin;C:\Program Files\nodejs\node_modules\npm\bin\node-gyp-bin;D:\Exam\TennisBookin\node_modules\.bin;C:\Program Files (x86)\ActiveState Komodo Edit 8\;C:\Program Files\nodejs\;C:\Program Files\Git\bin;C:\Program Files\Git\cmd;C:\Program Files (x86)\Skype\Phone\;C:\Windows\System32;C:\util\apache-ant-1.9.4\bin;C:\Program Files\Java\jdk1.7.0_71\\bin;D:\sftwrz\android-sdk-windows\tools;D:\sftwrz\android-sdk-windows\platform-tools;C:\Users\Shamil\AppData\Roaming\npm
617 verbose lifecycle angular-seed@0.0.0~postinstall: CWD: D:\Exam\TennisBookin
618 silly lifecycle angular-seed@0.0.0~postinstall: Args: [ '/d /s /c', 'bower install' ]
619 silly lifecycle angular-seed@0.0.0~postinstall: Returned: code: 1  signal: null
620 info lifecycle angular-seed@0.0.0~postinstall: Failed to exec postinstall script
621 warn optional Skipping failed optional dependency /chokidar/fsevents:
622 warn notsup Not compatible with your operating system or architecture: fsevents@1.0.12
623 verbose stack Error: angular-seed@0.0.0 postinstall: `bower install`
623 verbose stack Exit status 1
623 verbose stack     at EventEmitter.<anonymous> (C:\Program Files\nodejs\node_modules\npm\lib\utils\lifecycle.js:232:16)
623 verbose stack     at emitTwo (events.js:100:13)
623 verbose stack     at EventEmitter.emit (events.js:185:7)
623 verbose stack     at ChildProcess.<anonymous> (C:\Program Files\nodejs\node_modules\npm\lib\utils\spawn.js:24:14)
623 verbose stack     at emitTwo (events.js:100:13)
623 verbose stack     at ChildProcess.emit (events.js:185:7)
623 verbose stack     at maybeClose (internal/child_process.js:827:16)
623 verbose stack     at Process.ChildProcess._handle.onexit (internal/child_process.js:211:5)
624 verbose pkgid angular-seed@0.0.0
625 verbose cwd D:\Exam\TennisBookin
626 error Windows_NT 6.1.7601
627 error argv "C:\\Program Files\\nodejs\\node.exe" "C:\\Program Files\\nodejs\\node_modules\\npm\\bin\\npm-cli.js" "install"
628 error node v5.7.1
629 error npm  v3.6.0
630 error code ELIFECYCLE
631 error angular-seed@0.0.0 postinstall: `bower install`
631 error Exit status 1
632 error Failed at the angular-seed@0.0.0 postinstall script 'bower install'.
632 error Make sure you have the latest version of node.js and npm installed.
632 error If you do, this is most likely a problem with the angular-seed package,
632 error not with npm itself.
632 error Tell the author that this fails on your system:
632 error     bower install
632 error You can get information on how to open an issue for this project with:
632 error     npm bugs angular-seed
632 error Or if that isn't available, you can get their info via:
632 error     npm owner ls angular-seed
632 error There is likely additional logging output above.
633 verbose exit [ 1, true ]
