0 info it worked if it ends with ok
1 verbose cli [ 'C:\\Program Files\\nodejs\\node.exe',
1 verbose cli   'C:\\Program Files\\nodejs\\node_modules\\npm\\bin\\npm-cli.js',
1 verbose cli   'start' ]
2 info using npm@3.6.0
3 info using node@v5.7.1
4 verbose run-script [ 'prestart', 'start', 'poststart' ]
5 info lifecycle angular-seed@0.0.0~prestart: angular-seed@0.0.0
6 verbose lifecycle angular-seed@0.0.0~prestart: unsafe-perm in lifecycle true
7 verbose lifecycle angular-seed@0.0.0~prestart: PATH: C:\Program Files\nodejs\node_modules\npm\bin\node-gyp-bin;D:\Exam\TennisBookin\node_modules\.bin;C:\Program Files (x86)\ActiveState Komodo Edit 8\;C:\Program Files\nodejs\;C:\Program Files\Git\bin;C:\Program Files\Git\cmd;C:\Program Files (x86)\Skype\Phone\;C:\Windows\System32;C:\util\apache-ant-1.9.4\bin;C:\Program Files\Java\jdk1.7.0_71\\bin;D:\sftwrz\android-sdk-windows\tools;D:\sftwrz\android-sdk-windows\platform-tools;C:\Users\Shamil\AppData\Roaming\npm
8 verbose lifecycle angular-seed@0.0.0~prestart: CWD: D:\Exam\TennisBookin
9 silly lifecycle angular-seed@0.0.0~prestart: Args: [ '/d /s /c', 'npm install' ]
10 silly lifecycle angular-seed@0.0.0~prestart: Returned: code: 1  signal: null
11 info lifecycle angular-seed@0.0.0~prestart: Failed to exec prestart script
12 verbose stack Error: angular-seed@0.0.0 prestart: `npm install`
12 verbose stack Exit status 1
12 verbose stack     at EventEmitter.<anonymous> (C:\Program Files\nodejs\node_modules\npm\lib\utils\lifecycle.js:232:16)
12 verbose stack     at emitTwo (events.js:100:13)
12 verbose stack     at EventEmitter.emit (events.js:185:7)
12 verbose stack     at ChildProcess.<anonymous> (C:\Program Files\nodejs\node_modules\npm\lib\utils\spawn.js:24:14)
12 verbose stack     at emitTwo (events.js:100:13)
12 verbose stack     at ChildProcess.emit (events.js:185:7)
12 verbose stack     at maybeClose (internal/child_process.js:827:16)
12 verbose stack     at Process.ChildProcess._handle.onexit (internal/child_process.js:211:5)
13 verbose pkgid angular-seed@0.0.0
14 verbose cwd D:\Exam\TennisBookin\app
15 error Windows_NT 6.1.7601
16 error argv "C:\\Program Files\\nodejs\\node.exe" "C:\\Program Files\\nodejs\\node_modules\\npm\\bin\\npm-cli.js" "start"
17 error node v5.7.1
18 error npm  v3.6.0
19 error code ELIFECYCLE
20 error angular-seed@0.0.0 prestart: `npm install`
20 error Exit status 1
21 error Failed at the angular-seed@0.0.0 prestart script 'npm install'.
21 error Make sure you have the latest version of node.js and npm installed.
21 error If you do, this is most likely a problem with the angular-seed package,
21 error not with npm itself.
21 error Tell the author that this fails on your system:
21 error     npm install
21 error You can get information on how to open an issue for this project with:
21 error     npm bugs angular-seed
21 error Or if that isn't available, you can get their info via:
21 error     npm owner ls angular-seed
21 error There is likely additional logging output above.
22 verbose exit [ 1, true ]
